0 info it worked if it ends with ok
1 verbose cli [ '/usr/local/bin/node',
1 verbose cli   '/usr/local/bin/npm',
1 verbose cli   'install',
1 verbose cli   '--save',
1 verbose cli   'ui-router-ng2' ]
2 info using npm@2.15.9
3 info using node@v4.6.0
4 verbose install initial load of /Users/sandeepbedadala/Coursework/Thesis/AdMeasure/package.json
5 warn package.json admeasure@1.0.0 No description
6 warn package.json admeasure@1.0.0 No repository field.
7 warn package.json admeasure@1.0.0 No README data
8 verbose installManyTop reading scoped package data from /Users/sandeepbedadala/Coursework/Thesis/AdMeasure/node_modules/angular-ui-router/package.json
9 verbose installManyTop reading scoped package data from /Users/sandeepbedadala/Coursework/Thesis/AdMeasure/node_modules/body-parser/package.json
10 verbose installManyTop reading scoped package data from /Users/sandeepbedadala/Coursework/Thesis/AdMeasure/node_modules/express/package.json
11 verbose installManyTop reading scoped package data from /Users/sandeepbedadala/Coursework/Thesis/AdMeasure/node_modules/mongoose/package.json
12 verbose installManyTop reading scoped package data from /Users/sandeepbedadala/Coursework/Thesis/AdMeasure/node_modules/rxjs/package.json
13 verbose installManyTop reading scoped package data from /Users/sandeepbedadala/Coursework/Thesis/AdMeasure/node_modules/ui-router-ng2/package.json
14 verbose installManyTop reading scoped package data from /Users/sandeepbedadala/Coursework/Thesis/AdMeasure/node_modules/zone.js/package.json
15 verbose installManyTop reading scoped package data from /Users/sandeepbedadala/Coursework/Thesis/AdMeasure/node_modules/@angular/common/package.json
16 verbose installManyTop reading scoped package data from /Users/sandeepbedadala/Coursework/Thesis/AdMeasure/node_modules/@angular/core/package.json
17 verbose installManyTop reading scoped package data from /Users/sandeepbedadala/Coursework/Thesis/AdMeasure/node_modules/@angular/platform-browser/package.json
18 verbose installManyTop reading scoped package data from /Users/sandeepbedadala/Coursework/Thesis/AdMeasure/node_modules/@angular/router/package.json
19 verbose readDependencies loading dependencies from /Users/sandeepbedadala/Coursework/Thesis/AdMeasure/package.json
20 verbose install ui-router-ng2 is installed as 1.0.0-beta.4
21 silly cache add args [ 'ui-router-ng2@^1.0.0-beta.1', null ]
22 verbose cache add spec ui-router-ng2@^1.0.0-beta.1
23 silly cache add parsed spec Result {
23 silly cache add   raw: 'ui-router-ng2@^1.0.0-beta.1',
23 silly cache add   scope: null,
23 silly cache add   name: 'ui-router-ng2',
23 silly cache add   rawSpec: '^1.0.0-beta.1',
23 silly cache add   spec: '>=1.0.0-beta.1 <2.0.0',
23 silly cache add   type: 'range' }
24 silly addNamed ui-router-ng2@>=1.0.0-beta.1 <2.0.0
25 verbose addNamed ">=1.0.0-beta.1 <2.0.0" is a valid semver range for ui-router-ng2
26 silly addNameRange { name: 'ui-router-ng2',
26 silly addNameRange   range: '>=1.0.0-beta.1 <2.0.0',
26 silly addNameRange   hasData: false }
27 silly mapToRegistry name ui-router-ng2
28 silly mapToRegistry using default registry
29 silly mapToRegistry registry https://registry.npmjs.org/
30 silly mapToRegistry data Result {
30 silly mapToRegistry   raw: 'ui-router-ng2',
30 silly mapToRegistry   scope: null,
30 silly mapToRegistry   name: 'ui-router-ng2',
30 silly mapToRegistry   rawSpec: '',
30 silly mapToRegistry   spec: 'latest',
30 silly mapToRegistry   type: 'tag' }
31 silly mapToRegistry uri https://registry.npmjs.org/ui-router-ng2
32 verbose addNameRange registry:https://registry.npmjs.org/ui-router-ng2 not in flight; fetching
33 verbose request uri https://registry.npmjs.org/ui-router-ng2
34 verbose request no auth needed
35 info attempt registry request try #1 at 12:25:05 AM
36 verbose request id 7f4443ec6d811d43
37 verbose etag W/"58853c2b-45e0"
38 verbose lastModified Sun, 22 Jan 2017 23:11:39 GMT
39 http request GET https://registry.npmjs.org/ui-router-ng2
40 http 200 https://registry.npmjs.org/ui-router-ng2
41 verbose headers { server: 'nginx/1.10.1',
41 verbose headers   'content-type': 'application/json',
41 verbose headers   'last-modified': 'Sat, 29 Apr 2017 23:09:51 GMT',
41 verbose headers   etag: 'W/"59051d3f-55c4"',
41 verbose headers   'content-encoding': 'gzip',
41 verbose headers   'cache-control': 'max-age=300',
41 verbose headers   'content-length': '4100',
41 verbose headers   'accept-ranges': 'bytes',
41 verbose headers   date: 'Wed, 03 May 2017 04:25:05 GMT',
41 verbose headers   via: '1.1 varnish',
41 verbose headers   age: '0',
41 verbose headers   connection: 'keep-alive',
41 verbose headers   'x-served-by': 'cache-iad2632-IAD',
41 verbose headers   'x-cache': 'MISS',
41 verbose headers   'x-cache-hits': '0',
41 verbose headers   'x-timer': 'S1493785506.809839,VS0,VE19',
41 verbose headers   vary: 'Accept-Encoding' }
42 silly get cb [ 200,
42 silly get   { server: 'nginx/1.10.1',
42 silly get     'content-type': 'application/json',
42 silly get     'last-modified': 'Sat, 29 Apr 2017 23:09:51 GMT',
42 silly get     etag: 'W/"59051d3f-55c4"',
42 silly get     'content-encoding': 'gzip',
42 silly get     'cache-control': 'max-age=300',
42 silly get     'content-length': '4100',
42 silly get     'accept-ranges': 'bytes',
42 silly get     date: 'Wed, 03 May 2017 04:25:05 GMT',
42 silly get     via: '1.1 varnish',
42 silly get     age: '0',
42 silly get     connection: 'keep-alive',
42 silly get     'x-served-by': 'cache-iad2632-IAD',
42 silly get     'x-cache': 'MISS',
42 silly get     'x-cache-hits': '0',
42 silly get     'x-timer': 'S1493785506.809839,VS0,VE19',
42 silly get     vary: 'Accept-Encoding' } ]
43 verbose get saving ui-router-ng2 to /Users/sandeepbedadala/.npm/registry.npmjs.org/ui-router-ng2/.cache.json
44 verbose correctMkdir /Users/sandeepbedadala/.npm correctMkdir not in flight; initializing
45 silly addNameRange number 2 { name: 'ui-router-ng2',
45 silly addNameRange   range: '>=1.0.0-beta.1 <2.0.0',
45 silly addNameRange   hasData: true }
46 silly addNameRange versions [ 'ui-router-ng2',
46 silly addNameRange   [ '0.1.0-preview.0',
46 silly addNameRange     '1.0.0-alpha.2',
46 silly addNameRange     '1.0.0-alpha.3',
46 silly addNameRange     '1.0.0-alpha.4',
46 silly addNameRange     '1.0.0-alpha.5',
46 silly addNameRange     '1.0.0-beta.1',
46 silly addNameRange     '1.0.0-beta.2',
46 silly addNameRange     '1.0.0-beta.3',
46 silly addNameRange     '1.0.0-beta.4',
46 silly addNameRange     '1.0.0-beta.5' ] ]
47 silly addNamed ui-router-ng2@1.0.0-beta.5
48 verbose addNamed "1.0.0-beta.5" is a plain semver version for ui-router-ng2
49 warn deprecated ui-router-ng2@1.0.0-beta.5: This npm package 'ui-router-ng2' has been renamed to '@uirouter/angular'. Please update your package.json. See https://ui-router.github.io/blog/uirouter-scoped-packages/
50 silly mapToRegistry name ui-router-ng2
51 silly mapToRegistry using default registry
52 silly mapToRegistry registry https://registry.npmjs.org/
53 silly mapToRegistry data Result {
53 silly mapToRegistry   raw: 'ui-router-ng2',
53 silly mapToRegistry   scope: null,
53 silly mapToRegistry   name: 'ui-router-ng2',
53 silly mapToRegistry   rawSpec: '',
53 silly mapToRegistry   spec: 'latest',
53 silly mapToRegistry   type: 'tag' }
54 silly mapToRegistry uri https://registry.npmjs.org/ui-router-ng2
55 verbose addRemoteTarball https://registry.npmjs.org/ui-router-ng2/-/ui-router-ng2-1.0.0-beta.5.tgz not in flight; adding
56 verbose addRemoteTarball [ 'https://registry.npmjs.org/ui-router-ng2/-/ui-router-ng2-1.0.0-beta.5.tgz',
56 verbose addRemoteTarball   '6d18337cb928a33db1fa12561bd6a923092d5a9c' ]
57 info retry fetch attempt 1 at 12:25:05 AM
58 info attempt registry request try #1 at 12:25:05 AM
59 http fetch GET https://registry.npmjs.org/ui-router-ng2/-/ui-router-ng2-1.0.0-beta.5.tgz
60 http fetch 200 https://registry.npmjs.org/ui-router-ng2/-/ui-router-ng2-1.0.0-beta.5.tgz
61 silly fetchAndShaCheck shasum 6d18337cb928a33db1fa12561bd6a923092d5a9c
62 verbose addTmpTarball /var/folders/28/byb8rb154cz_qbfzy8vx1d540000gn/T/npm-2696-44eccf1a/registry.npmjs.org/ui-router-ng2/-/ui-router-ng2-1.0.0-beta.5.tgz not in flight; adding
63 verbose addTmpTarball already have metadata; skipping unpack for ui-router-ng2@1.0.0-beta.5
64 verbose correctMkdir /Users/sandeepbedadala/.npm correctMkdir not in flight; initializing
65 silly cache afterAdd ui-router-ng2@1.0.0-beta.5
66 verbose afterAdd /Users/sandeepbedadala/.npm/ui-router-ng2/1.0.0-beta.5/package/package.json not in flight; writing
67 verbose correctMkdir /Users/sandeepbedadala/.npm correctMkdir not in flight; initializing
68 verbose afterAdd /Users/sandeepbedadala/.npm/ui-router-ng2/1.0.0-beta.5/package/package.json written
69 silly install resolved [ { name: 'ui-router-ng2',
69 silly install resolved     description: 'State-based routing for Angular 2',
69 silly install resolved     version: '1.0.0-beta.5',
69 silly install resolved     scripts:
69 silly install resolved      { clean: 'shx rm -rf lib lib-esm _bundles _dec',
69 silly install resolved        compile: 'npm run clean && ngc',
69 silly install resolved        bundle: 'rollup -c && rollup -c --environment MINIFY',
69 silly install resolved        build: 'npm run compile && npm run bundle',
69 silly install resolved        install: 'node ./migrate/migratewarn.js',
69 silly install resolved        travis: 'npm run build && npm run noimplicitany && npm run test',
69 silly install resolved        test: 'karma start',
69 silly install resolved        noimplicitany: 'tsc --noEmit --noImplicitAny --moduleResolution node --target es6 test/noimplicitany.ts',
69 silly install resolved        debug: 'karma start --singleRun=false --autoWatch=true --autoWatchInterval=1 --browsers=Chrome',
69 silly install resolved        package: 'npm run build',
69 silly install resolved        docs: 'typedoc --tsconfig tsconfig.typedoc.json --readme README.md --name \'@uirouter/angular\' --theme node_modules/ui-router-typedoc-themes/bin/default --out _doc --internal-aliases internal,coreapi,ng2api --external-aliases internalapi,external --navigation-label-globals @uirouter/angular',
69 silly install resolved        prepublish: 'npm run build',
69 silly install resolved        changelog: 'node scripts/update_changelog.js',
69 silly install resolved        release: 'node scripts/release.js',
69 silly install resolved        artifacts: 'node scripts/artifact_tagging.js' },
69 silly install resolved     homepage: 'https://ui-router.github.io/ng2',
69 silly install resolved     contributors: [ [Object] ],
69 silly install resolved     maintainers: [ [Object] ],
69 silly install resolved     repository: { type: 'git', url: 'git+https://github.com/ui-router/ng2.git' },
69 silly install resolved     bugs: { url: 'https://github.com/ui-router/ng2/issues' },
69 silly install resolved     engines: { node: '>=6.0.0' },
69 silly install resolved     license: 'MIT',
69 silly install resolved     main: '_bundles/ui-router-ng2.js',
69 silly install resolved     module: 'lib/index.js',
69 silly install resolved     typings: 'lib/index.d.ts',
69 silly install resolved     dependencies: { '@uirouter/core': '5.0.0', '@uirouter/rx': '=0.3.1' },
69 silly install resolved     peerDependencies:
69 silly install resolved      { '@angular/common': '^2.3.1',
69 silly install resolved        '@angular/core': '^2.3.1',
69 silly install resolved        '@angular/router': '^3.3.1' },
69 silly install resolved     devDependencies:
69 silly install resolved      { '@angular/common': '^2.3.1',
69 silly install resolved        '@angular/compiler': '^2.3.1',
69 silly install resolved        '@angular/compiler-cli': '^2.3.1',
69 silly install resolved        '@angular/core': '^2.3.1',
69 silly install resolved        '@angular/platform-browser': '^2.3.1',
69 silly install resolved        '@angular/platform-browser-dynamic': '^2.3.1',
69 silly install resolved        '@angular/platform-server': '^2.3.1',
69 silly install resolved        '@angular/router': '^3.3.1',
69 silly install resolved        '@types/jasmine': '^2.2.34',
69 silly install resolved        '@types/jquery': '^1.10.31',
69 silly install resolved        'awesome-typescript-loader': '^3.1.2',
69 silly install resolved        'babel-core': '^6.22.1',
69 silly install resolved        'babel-loader': '^6.2.10',
69 silly install resolved        'conventional-changelog': '^1.1.0',
69 silly install resolved        'conventional-changelog-cli': '^1.1.1',
69 silly install resolved        'jasmine-core': '^2.4.1',
69 silly install resolved        karma: '^1.5.0',
69 silly install resolved        'karma-chrome-launcher': '^0.1.12',
69 silly install resolved        'karma-coverage': '^0.5.3',
69 silly install resolved        'karma-jasmine': '^1.1.0',
69 silly install resolved        'karma-phantomjs-launcher': '^1.0.2',
69 silly install resolved        'karma-script-launcher': '~0.1.0',
69 silly install resolved        'karma-sourcemap-loader': '^0.3.7',
69 silly install resolved        'karma-systemjs': '^0.7.2',
69 silly install resolved        'karma-webpack': '^2.0.2',
69 silly install resolved        'readline-sync': '^1.4.5',
69 silly install resolved        rollup: '^0.41.4',
69 silly install resolved        'rollup-plugin-commonjs': '^7.0.0',
69 silly install resolved        'rollup-plugin-node-resolve': '^2.0.0',
69 silly install resolved        'rollup-plugin-progress': '^0.2.1',
69 silly install resolved        'rollup-plugin-sourcemaps': '^0.4.1',
69 silly install resolved        'rollup-plugin-uglify': '^1.0.1',
69 silly install resolved        'rollup-plugin-visualizer': '^0.2.0',
69 silly install resolved        rxjs: '5.0.0-beta.12',
69 silly install resolved        shelljs: '^0.7.0',
69 silly install resolved        shx: '^0.1.4',
69 silly install resolved        systemjs: '^0.18.4',
69 silly install resolved        tslint: '=2.5.0',
69 silly install resolved        typedoc: '~0.5.0',
69 silly install resolved        'typedoc-plugin-external-module-name': '^1.0.2',
69 silly install resolved        'typedoc-plugin-internal-external': '^1.0.0',
69 silly install resolved        'typedoc-plugin-ui-router': '^1.0.0',
69 silly install resolved        typescript: '^2.1.4',
69 silly install resolved        'ui-router-typedoc-themes': '^1.0.0',
69 silly install resolved        webpack: '^2.2.0',
69 silly install resolved        'webpack-dev-server': '2.2.0',
69 silly install resolved        'webpack-visualizer-plugin': '^0.1.10',
69 silly install resolved        'zone.js': '^0.6.21' },
69 silly install resolved     gitHead: 'dad26af778e06fbdfd8588e928e2ba51450506d6',
69 silly install resolved     _id: 'ui-router-ng2@1.0.0-beta.5',
69 silly install resolved     _shasum: '6d18337cb928a33db1fa12561bd6a923092d5a9c',
69 silly install resolved     _from: 'ui-router-ng2@>=1.0.0-beta.1 <2.0.0',
69 silly install resolved     _npmVersion: '4.2.0',
69 silly install resolved     _nodeVersion: '7.9.0',
69 silly install resolved     _npmUser:
69 silly install resolved      { name: 'christopherthielen',
69 silly install resolved        email: 'christopherthielen@ikkyikkyikkypikangzoopboing.com' },
69 silly install resolved     dist:
69 silly install resolved      { shasum: '6d18337cb928a33db1fa12561bd6a923092d5a9c',
69 silly install resolved        tarball: 'https://registry.npmjs.org/ui-router-ng2/-/ui-router-ng2-1.0.0-beta.5.tgz' },
69 silly install resolved     _npmOperationalInternal:
69 silly install resolved      { host: 'packages-18-east.internal.npmjs.com',
69 silly install resolved        tmp: 'tmp/ui-router-ng2-1.0.0-beta.5.tgz_1492975665172_0.14465632801875472' },
69 silly install resolved     deprecated: 'This npm package \'ui-router-ng2\' has been renamed to \'@uirouter/angular\'. Please update your package.json. See https://ui-router.github.io/blog/uirouter-scoped-packages/',
69 silly install resolved     directories: {},
69 silly install resolved     _resolved: 'https://registry.npmjs.org/ui-router-ng2/-/ui-router-ng2-1.0.0-beta.5.tgz' } ]
70 info install ui-router-ng2@1.0.0-beta.5 into /Users/sandeepbedadala/Coursework/Thesis/AdMeasure
71 info installOne ui-router-ng2@1.0.0-beta.5
72 verbose installOne of ui-router-ng2 to /Users/sandeepbedadala/Coursework/Thesis/AdMeasure not in flight; installing
73 verbose correctMkdir /Users/sandeepbedadala/.npm/_locks correctMkdir not in flight; initializing
74 verbose lock using /Users/sandeepbedadala/.npm/_locks/ui-router-ng2-d407446c6d5d47ae.lock for /Users/sandeepbedadala/Coursework/Thesis/AdMeasure/node_modules/ui-router-ng2
75 warn engine ui-router-ng2@1.0.0-beta.5: wanted: {"node":">=6.0.0"} (current: {"node":"4.6.0","npm":"2.15.9"})
76 silly install write writing ui-router-ng2 1.0.0-beta.5 to /Users/sandeepbedadala/Coursework/Thesis/AdMeasure/node_modules/ui-router-ng2
77 verbose unbuild node_modules/ui-router-ng2
78 info preuninstall ui-router-ng2@1.0.0-beta.4
79 info uninstall ui-router-ng2@1.0.0-beta.4
80 verbose unbuild rmStuff ui-router-ng2@1.0.0-beta.4 from /Users/sandeepbedadala/Coursework/Thesis/AdMeasure/node_modules
81 info postuninstall ui-router-ng2@1.0.0-beta.4
82 silly gentlyRm /Users/sandeepbedadala/Coursework/Thesis/AdMeasure/node_modules/ui-router-ng2 is being purged from base /Users/sandeepbedadala/Coursework/Thesis/AdMeasure
83 verbose gentlyRm don't care about contents; nuking /Users/sandeepbedadala/Coursework/Thesis/AdMeasure/node_modules/ui-router-ng2
84 silly vacuum-fs purging /Users/sandeepbedadala/Coursework/Thesis/AdMeasure/node_modules/ui-router-ng2
85 silly vacuum-fs quitting because other entries in /Users/sandeepbedadala/Coursework/Thesis/AdMeasure/node_modules
86 verbose tar unpack /Users/sandeepbedadala/.npm/ui-router-ng2/1.0.0-beta.5/package.tgz
87 verbose tar unpacking to /Users/sandeepbedadala/Coursework/Thesis/AdMeasure/node_modules/ui-router-ng2
88 silly gentlyRm /Users/sandeepbedadala/Coursework/Thesis/AdMeasure/node_modules/ui-router-ng2 is being purged
89 verbose gentlyRm don't care about contents; nuking /Users/sandeepbedadala/Coursework/Thesis/AdMeasure/node_modules/ui-router-ng2
90 silly gunzTarPerm modes [ '755', '644' ]
91 silly gunzTarPerm extractEntry package.json
92 silly gunzTarPerm extractEntry README.md
93 silly gunzTarPerm extractEntry LICENSE
94 silly gunzTarPerm extractEntry karma.conf.js
95 silly gunzTarPerm extractEntry lib/private_import_core.js
96 silly gunzTarPerm extractEntry lib/index.js
97 silly gunzTarPerm extractEntry lib/interface.js
98 silly gunzTarPerm extractEntry lib/mergeInjector.js
99 silly gunzTarPerm extractEntry lib/providers.js
100 silly gunzTarPerm extractEntry lib/uiRouterConfig.js
101 silly gunzTarPerm extractEntry lib/uiRouterNgModule.js
102 silly gunzTarPerm extractEntry lib/interface.js.map
103 silly gunzTarPerm extractEntry lib/lazyLoad/lazyLoadNgModule.js
104 silly gunzTarPerm extractEntry lib/lazyLoad/lazyLoadNgModule.d.ts
105 silly gunzTarPerm extractEntry lib/lazyLoad/lazyLoadNgModule.js.map
106 silly gunzTarPerm extractEntry lib/lazyLoad/lazyLoadNgModule.metadata.json
107 silly gunzTarPerm extractEntry lib/location/locationConfig.js
108 silly gunzTarPerm extractEntry lib/location/locationService.js
109 silly gunzTarPerm extractEntry lib/location/locationConfig.d.ts
110 silly gunzTarPerm extractEntry lib/location/locationConfig.js.map
111 silly gunzTarPerm extractEntry lib/location/locationConfig.metadata.json
112 silly gunzTarPerm extractEntry lib/location/locationService.d.ts
113 silly gunzTarPerm extractEntry lib/location/locationService.js.map
114 silly gunzTarPerm extractEntry lib/location/locationService.metadata.json
115 silly gunzTarPerm extractEntry lib/mergeInjector.d.ts
116 silly gunzTarPerm extractEntry lib/index.js.map
117 silly gunzTarPerm extractEntry lib/mergeInjector.js.map
118 silly gunzTarPerm extractEntry lib/mergeInjector.metadata.json
119 silly gunzTarPerm extractEntry lib/private_import_core.d.ts
120 silly gunzTarPerm extractEntry lib/index.d.ts
121 silly gunzTarPerm extractEntry lib/private_import_core.js.map
122 silly gunzTarPerm extractEntry lib/private_import_core.metadata.json
123 silly gunzTarPerm extractEntry lib/providers.d.ts
124 silly gunzTarPerm extractEntry lib/index.metadata.json
125 silly gunzTarPerm extractEntry lib/providers.js.map
126 silly gunzTarPerm extractEntry lib/providers.metadata.json
127 silly gunzTarPerm extractEntry lib/statebuilders/lazyLoad.js
128 silly gunzTarPerm extractEntry lib/statebuilders/views.js
129 silly gunzTarPerm extractEntry lib/statebuilders/lazyLoad.d.ts
130 silly gunzTarPerm extractEntry lib/statebuilders/lazyLoad.js.map
131 silly gunzTarPerm extractEntry lib/statebuilders/lazyLoad.metadata.json
132 silly gunzTarPerm extractEntry lib/statebuilders/views.d.ts
133 silly gunzTarPerm extractEntry lib/statebuilders/views.js.map
134 silly gunzTarPerm extractEntry lib/statebuilders/views.metadata.json
135 silly gunzTarPerm extractEntry lib/uiRouterConfig.d.ts
136 silly gunzTarPerm extractEntry lib/interface.d.ts
137 silly gunzTarPerm extractEntry lib/uiRouterConfig.js.map
138 silly gunzTarPerm extractEntry lib/uiRouterConfig.metadata.json
139 silly gunzTarPerm extractEntry lib/uiRouterNgModule.d.ts
140 silly gunzTarPerm extractEntry lib/directives/uiSref.js
141 silly gunzTarPerm extractEntry lib/directives/uiSrefActive.js
142 silly gunzTarPerm extractEntry lib/directives/directives.js
143 silly gunzTarPerm extractEntry lib/directives/uiSrefStatus.js
144 silly gunzTarPerm extractEntry lib/directives/uiView.js
145 silly gunzTarPerm extractEntry lib/directives/uiSrefActive.js.map
146 silly gunzTarPerm extractEntry lib/directives/uiSref.js.map
147 silly gunzTarPerm extractEntry lib/directives/uiSref.metadata.json
148 silly gunzTarPerm extractEntry lib/directives/uiSrefActive.d.ts
149 silly gunzTarPerm extractEntry lib/directives/directives.js.map
150 silly gunzTarPerm extractEntry lib/directives/directives.metadata.json
151 silly gunzTarPerm extractEntry lib/directives/uiSrefActive.metadata.json
152 silly gunzTarPerm extractEntry lib/directives/uiSrefStatus.d.ts
153 silly gunzTarPerm extractEntry lib/directives/uiSref.d.ts
154 silly gunzTarPerm extractEntry lib/directives/uiSrefStatus.js.map
155 silly gunzTarPerm extractEntry lib/directives/uiSrefStatus.metadata.json
156 silly gunzTarPerm extractEntry lib/directives/uiView.d.ts
157 silly gunzTarPerm extractEntry lib/directives/directives.d.ts
158 silly gunzTarPerm extractEntry lib/directives/uiView.js.map
159 silly gunzTarPerm extractEntry lib/directives/uiView.metadata.json
160 silly gunzTarPerm extractEntry lib/uiRouterNgModule.js.map
161 silly gunzTarPerm extractEntry lib/uiRouterNgModule.metadata.json
162 silly gunzTarPerm extractEntry _bundles/ui-router-ng2.js
163 silly gunzTarPerm extractEntry _bundles/ui-router-ng2.min.js
164 silly gunzTarPerm extractEntry _bundles/ui-router-ng2.js.map
165 silly gunzTarPerm extractEntry _bundles/ui-router-ng2.min.js.map
166 silly gunzTarPerm extractEntry _doc/assets/css/main.css
167 silly gunzTarPerm extractEntry _doc/assets/css/main.css.map
168 silly gunzTarPerm extractEntry _doc/assets/css/uirouter.css
169 silly gunzTarPerm extractEntry _doc/assets/images/icons.png
170 silly gunzTarPerm extractEntry _doc/assets/images/icons@2x.png
171 silly gunzTarPerm extractEntry _doc/assets/images/widgets.png
172 silly gunzTarPerm extractEntry _doc/assets/images/widgets@2x.png
173 silly gunzTarPerm extractEntry _doc/assets/js/main.js
174 silly gunzTarPerm extractEntry _doc/assets/js/modernizr.js
175 silly gunzTarPerm extractEntry _doc/assets/js/reset.js
176 silly gunzTarPerm extractEntry _doc/assets/js/search.js
177 silly gunzTarPerm extractEntry _doc/classes/state.statematcher.html
178 silly gunzTarPerm extractEntry _doc/classes/common.queue.html
179 silly gunzTarPerm extractEntry _doc/classes/core.uirouter.html
180 silly gunzTarPerm extractEntry _doc/classes/core.uirouterglobals.html
181 silly gunzTarPerm extractEntry _doc/classes/core.uiroutermodule.html
182 silly gunzTarPerm extractEntry _doc/classes/core.uirouterpluginbase.html
183 silly gunzTarPerm extractEntry _doc/classes/directives.anchoruisref.html
184 silly gunzTarPerm extractEntry _doc/classes/directives.uisref.html
185 silly gunzTarPerm extractEntry _doc/classes/directives.uisrefactive.html
186 silly gunzTarPerm extractEntry _doc/classes/directives.uisrefstatus.html
187 silly gunzTarPerm extractEntry _doc/classes/directives.uiview.html
188 silly gunzTarPerm extractEntry _doc/classes/ng2.mergeinjector.html
189 silly gunzTarPerm extractEntry _doc/classes/ng2.ng2locationconfig.html
190 silly gunzTarPerm extractEntry _doc/classes/ng2.ng2locationservices.html
191 silly gunzTarPerm extractEntry _doc/classes/ng2.ng2viewconfig.html
192 silly gunzTarPerm extractEntry _doc/classes/params.param.html
193 silly gunzTarPerm extractEntry _doc/classes/params.paramtype.html
194 silly gunzTarPerm extractEntry _doc/classes/params.paramtypes.html
195 silly gunzTarPerm extractEntry _doc/classes/params.stateparams.html
196 silly gunzTarPerm extractEntry _doc/classes/path.pathnode.html
197 silly gunzTarPerm extractEntry _doc/classes/path.pathutils.html
198 silly gunzTarPerm extractEntry _doc/classes/resolve.resolvable.html
199 silly gunzTarPerm extractEntry _doc/classes/resolve.resolvecontext.html
200 silly gunzTarPerm extractEntry _doc/classes/resolve.uiinjectorimpl.html
201 silly gunzTarPerm extractEntry _doc/classes/state.statebuilder.html
202 silly gunzTarPerm extractEntry _doc/classes/core.glob.html
203 silly gunzTarPerm extractEntry _doc/classes/state.stateobject.html
204 silly gunzTarPerm extractEntry _doc/classes/state.statequeuemanager.html
205 silly gunzTarPerm extractEntry _doc/classes/state.stateregistry.html
206 silly gunzTarPerm extractEntry _doc/classes/state.stateservice.html
207 silly gunzTarPerm extractEntry _doc/classes/state.targetstate.html
208 silly gunzTarPerm extractEntry _doc/classes/trace.trace-1.html
209 silly gunzTarPerm extractEntry _doc/classes/transition.hookbuilder.html
210 silly gunzTarPerm extractEntry _doc/classes/transition.registeredhook.html
211 silly gunzTarPerm extractEntry _doc/classes/transition.rejection.html
212 silly gunzTarPerm extractEntry _doc/classes/transition.transition-1.html
213 silly gunzTarPerm extractEntry _doc/classes/transition.transitioneventtype.html
214 silly gunzTarPerm extractEntry _doc/classes/transition.transitionservice.html
215 silly gunzTarPerm extractEntry _doc/classes/url.baseurlrule.html
216 silly gunzTarPerm extractEntry _doc/classes/url.urlmatcher.html
217 silly gunzTarPerm extractEntry _doc/classes/url.urlmatcherfactory.html
218 silly gunzTarPerm extractEntry _doc/classes/url.urlrouter.html
219 silly gunzTarPerm extractEntry _doc/classes/url.urlrulefactory.html
220 silly gunzTarPerm extractEntry _doc/classes/url.urlservice.html
221 silly gunzTarPerm extractEntry _doc/classes/vanilla.baselocationservices.html
222 silly gunzTarPerm extractEntry _doc/classes/vanilla.browserlocationconfig.html
223 silly gunzTarPerm extractEntry _doc/classes/vanilla.hashlocationservice.html
224 silly gunzTarPerm extractEntry _doc/classes/vanilla.memorylocationconfig.html
225 silly gunzTarPerm extractEntry _doc/classes/vanilla.memorylocationservice.html
226 silly gunzTarPerm extractEntry _doc/classes/vanilla.pushstatelocationservice.html
227 silly gunzTarPerm extractEntry _doc/classes/view.viewservice.html
228 silly gunzTarPerm extractEntry _doc/enums/params.deftype.html
229 silly gunzTarPerm extractEntry _doc/enums/trace.category.html
230 silly gunzTarPerm extractEntry _doc/enums/transition.rejecttype.html
231 silly gunzTarPerm extractEntry _doc/enums/transition.transitionhookphase.html
232 silly gunzTarPerm extractEntry _doc/enums/transition.transitionhookscope.html
233 silly gunzTarPerm extractEntry _doc/globals.html
234 silly gunzTarPerm extractEntry _doc/index.html
235 silly gunzTarPerm extractEntry _doc/interfaces/state.transitionpromise.html
236 silly gunzTarPerm extractEntry _doc/interfaces/common._injectorlike.html
237 silly gunzTarPerm extractEntry _doc/interfaces/common._qlikedeferred.html
238 silly gunzTarPerm extractEntry _doc/interfaces/common.coreservices.html
239 silly gunzTarPerm extractEntry _doc/interfaces/common.locationconfig.html
240 silly gunzTarPerm extractEntry _doc/interfaces/common.locationservices.html
241 silly gunzTarPerm extractEntry _doc/interfaces/common.obj.html
242 silly gunzTarPerm extractEntry _doc/interfaces/common.typedmap.html
243 silly gunzTarPerm extractEntry _doc/interfaces/core.disposable.html
244 silly gunzTarPerm extractEntry _doc/interfaces/core.rootmodule.html
245 silly gunzTarPerm extractEntry _doc/interfaces/core.statesmodule.html
246 silly gunzTarPerm extractEntry _doc/interfaces/core.uiinjector.html
247 silly gunzTarPerm extractEntry _doc/interfaces/core.uirouterplugin.html
248 silly gunzTarPerm extractEntry _doc/interfaces/directives.inputmapping.html
249 silly gunzTarPerm extractEntry _doc/interfaces/directives.parentuiviewinject.html
250 silly gunzTarPerm extractEntry _doc/interfaces/directives.srefstatus.html
251 silly gunzTarPerm extractEntry _doc/interfaces/directives.transevt.html
252 silly gunzTarPerm extractEntry _doc/interfaces/params.paramdeclaration.html
253 silly gunzTarPerm extractEntry _doc/interfaces/params.paramtypedefinition.html
254 silly gunzTarPerm extractEntry _doc/interfaces/params.rawparams.html
255 silly gunzTarPerm extractEntry _doc/interfaces/params.replace.html
256 silly gunzTarPerm extractEntry _doc/interfaces/resolve.providerlike.html
257 silly gunzTarPerm extractEntry _doc/interfaces/resolve.resolvableliteral.html
258 silly gunzTarPerm extractEntry _doc/interfaces/resolve.resolvepolicy.html
259 silly gunzTarPerm extractEntry _doc/interfaces/state._viewdeclaration.html
260 silly gunzTarPerm extractEntry _doc/interfaces/state.builders.html
261 silly gunzTarPerm extractEntry _doc/interfaces/state.hrefoptions.html
262 silly gunzTarPerm extractEntry _doc/interfaces/state.lazyloadresult.html
263 silly gunzTarPerm extractEntry _doc/interfaces/state.ng2component.html
264 silly gunzTarPerm extractEntry _doc/interfaces/state.ng2statedeclaration.html
265 silly gunzTarPerm extractEntry _doc/interfaces/state.ng2viewdeclaration.html
266 silly gunzTarPerm extractEntry _doc/interfaces/state.statedeclaration.html
267 silly gunzTarPerm extractEntry _doc/interfaces/state.targetstatedef.html
268 silly gunzTarPerm extractEntry _doc/interfaces/common._qlike.html
269 silly gunzTarPerm extractEntry _doc/interfaces/transition.hookmatchcriteria.html
270 silly gunzTarPerm extractEntry _doc/interfaces/transition.hookregoptions.html
271 silly gunzTarPerm extractEntry _doc/interfaces/transition.hooktuple.html
272 silly gunzTarPerm extractEntry _doc/interfaces/transition.ihookregistry.html
273 silly gunzTarPerm extractEntry _doc/interfaces/transition.imatchingnodes.html
274 silly gunzTarPerm extractEntry _doc/interfaces/transition.transitioncreatehookfn.html
275 silly gunzTarPerm extractEntry _doc/interfaces/transition.transitionhookfn.html
276 silly gunzTarPerm extractEntry _doc/interfaces/transition.transitionhookoptions.html
277 silly gunzTarPerm extractEntry _doc/interfaces/transition.transitionoptions.html
278 silly gunzTarPerm extractEntry _doc/interfaces/transition.transitionservicepluginapi.html
279 silly gunzTarPerm extractEntry _doc/interfaces/transition.transitionstatehookfn.html
280 silly gunzTarPerm extractEntry _doc/interfaces/transition.treechanges.html
281 silly gunzTarPerm extractEntry _doc/interfaces/url.matcherurlrule.html
282 silly gunzTarPerm extractEntry _doc/interfaces/url.matchresult.html
283 silly gunzTarPerm extractEntry _doc/interfaces/url.paramfactory.html
284 silly gunzTarPerm extractEntry _doc/interfaces/url.regexprule.html
285 silly gunzTarPerm extractEntry _doc/interfaces/url.staterule.html
286 silly gunzTarPerm extractEntry _doc/interfaces/url.urlconfigapi.html
287 silly gunzTarPerm extractEntry _doc/interfaces/url.urlmatcherconfig.html
288 silly gunzTarPerm extractEntry _doc/interfaces/url.urlparts.html
289 silly gunzTarPerm extractEntry _doc/interfaces/url.urlrule.html
290 silly gunzTarPerm extractEntry _doc/interfaces/url.urlrulehandlerfn.html
291 silly gunzTarPerm extractEntry _doc/interfaces/url.urlrulematchfn.html
292 silly gunzTarPerm extractEntry _doc/interfaces/url.urlrulesapi.html
293 silly gunzTarPerm extractEntry _doc/interfaces/url.urlsyncapi.html
294 silly gunzTarPerm extractEntry _doc/interfaces/vanilla.historylike.html
295 silly gunzTarPerm extractEntry _doc/interfaces/vanilla.locationlike.html
296 silly gunzTarPerm extractEntry _doc/interfaces/vanilla.locationplugin.html
297 silly gunzTarPerm extractEntry _doc/interfaces/vanilla.servicesplugin.html
298 silly gunzTarPerm extractEntry _doc/interfaces/view.activeuiview.html
299 silly gunzTarPerm extractEntry _doc/interfaces/view.viewconfig.html
300 silly gunzTarPerm extractEntry _doc/interfaces/view.viewcontext.html
301 silly gunzTarPerm extractEntry _doc/interfaces/view.viewservicepluginapi.html
302 silly gunzTarPerm extractEntry _doc/modules/ng2.html
303 silly gunzTarPerm extractEntry _doc/modules/_core_src_hooks_ignoredtransition_.html
304 silly gunzTarPerm extractEntry _doc/modules/common.html
305 silly gunzTarPerm extractEntry _doc/modules/common_hof.html
306 silly gunzTarPerm extractEntry _doc/modules/common_predicates.html
307 silly gunzTarPerm extractEntry _doc/modules/common_strings.html
308 silly gunzTarPerm extractEntry _doc/modules/core.html
309 silly gunzTarPerm extractEntry _doc/modules/directives.html
310 silly gunzTarPerm extractEntry _doc/modules/hooks.html
311 silly gunzTarPerm extractEntry _doc/modules/_core_src_hooks_invalidtransition_.html
312 silly gunzTarPerm extractEntry _doc/modules/params.html
313 silly gunzTarPerm extractEntry _doc/modules/path.html
314 silly gunzTarPerm extractEntry _doc/modules/resolve.html
315 silly gunzTarPerm extractEntry _doc/modules/state.html
316 silly gunzTarPerm extractEntry _doc/modules/trace.html
317 silly gunzTarPerm extractEntry _doc/modules/transition.html
318 silly gunzTarPerm extractEntry _doc/modules/url.html
319 silly gunzTarPerm extractEntry _doc/modules/vanilla.html
320 silly gunzTarPerm extractEntry _doc/modules/view.html
321 silly gunzTarPerm extractEntry migrate/migratewarn.js
322 silly gunzTarPerm extractEntry migrate/migrate.json
323 silly gunzTarPerm extractEntry CHANGELOG.md
324 silly gunzTarPerm extractEntry CONTRIBUTING.md
325 silly gunzTarPerm extractEntry stats.html
326 verbose write writing to /Users/sandeepbedadala/Coursework/Thesis/AdMeasure/node_modules/ui-router-ng2/package.json
327 info preinstall ui-router-ng2@1.0.0-beta.5
328 verbose readDependencies loading dependencies from /Users/sandeepbedadala/Coursework/Thesis/AdMeasure/node_modules/ui-router-ng2/package.json
329 silly prepareForInstallMany adding @uirouter/core@5.0.0 from ui-router-ng2 dependencies
330 silly prepareForInstallMany adding @uirouter/rx@=0.3.1 from ui-router-ng2 dependencies
331 silly prepareForInstallMany adding @angular/core@^2.3.1 from ui-router-ng2 peerDependencies
332 warn peerDependencies The peer dependency @angular/core@^2.3.1 included from ui-router-ng2 will no
333 warn peerDependencies longer be automatically installed to fulfill the peerDependency
334 warn peerDependencies in npm 3+. Your application will need to depend on it explicitly.
335 verbose readDependencies loading dependencies from /Users/sandeepbedadala/Coursework/Thesis/AdMeasure/node_modules/ui-router-ng2/package.json
336 silly cache add args [ '@uirouter/rx@=0.3.1', null ]
337 verbose cache add spec @uirouter/rx@=0.3.1
338 silly cache add parsed spec Result {
338 silly cache add   raw: '@uirouter/rx@=0.3.1',
338 silly cache add   scope: '@uirouter',
338 silly cache add   name: '@uirouter/rx',
338 silly cache add   rawSpec: '=0.3.1',
338 silly cache add   spec: '0.3.1',
338 silly cache add   type: 'version' }
339 silly addNamed @uirouter/rx@0.3.1
340 verbose addNamed "0.3.1" is a plain semver version for @uirouter/rx
341 silly mapToRegistry name @uirouter/rx
342 silly mapToRegistry scope (from package name) @uirouter
343 verbose mapToRegistry no registry URL found in name for scope @uirouter
344 silly mapToRegistry using default registry
345 silly mapToRegistry registry https://registry.npmjs.org/
346 silly mapToRegistry data Result {
346 silly mapToRegistry   raw: '@uirouter/rx',
346 silly mapToRegistry   scope: '@uirouter',
346 silly mapToRegistry   name: '@uirouter/rx',
346 silly mapToRegistry   rawSpec: '',
346 silly mapToRegistry   spec: 'latest',
346 silly mapToRegistry   type: 'tag' }
347 silly mapToRegistry uri https://registry.npmjs.org/@uirouter%2frx
348 verbose addNameVersion registry:https://registry.npmjs.org/@uirouter%2frx not in flight; fetching
349 silly cache add args [ '@uirouter/core@5.0.0', null ]
350 verbose cache add spec @uirouter/core@5.0.0
351 silly cache add parsed spec Result {
351 silly cache add   raw: '@uirouter/core@5.0.0',
351 silly cache add   scope: '@uirouter',
351 silly cache add   name: '@uirouter/core',
351 silly cache add   rawSpec: '5.0.0',
351 silly cache add   spec: '5.0.0',
351 silly cache add   type: 'version' }
352 silly addNamed @uirouter/core@5.0.0
353 verbose addNamed "5.0.0" is a plain semver version for @uirouter/core
354 silly mapToRegistry name @uirouter/core
355 silly mapToRegistry scope (from package name) @uirouter
356 verbose mapToRegistry no registry URL found in name for scope @uirouter
357 silly mapToRegistry using default registry
358 silly mapToRegistry registry https://registry.npmjs.org/
359 silly mapToRegistry data Result {
359 silly mapToRegistry   raw: '@uirouter/core',
359 silly mapToRegistry   scope: '@uirouter',
359 silly mapToRegistry   name: '@uirouter/core',
359 silly mapToRegistry   rawSpec: '',
359 silly mapToRegistry   spec: 'latest',
359 silly mapToRegistry   type: 'tag' }
360 silly mapToRegistry uri https://registry.npmjs.org/@uirouter%2fcore
361 verbose addNameVersion registry:https://registry.npmjs.org/@uirouter%2fcore not in flight; fetching
362 verbose request uri https://registry.npmjs.org/@uirouter%2frx
363 verbose request no auth needed
364 info attempt registry request try #1 at 12:25:07 AM
365 http request GET https://registry.npmjs.org/@uirouter%2frx
366 verbose request uri https://registry.npmjs.org/@uirouter%2fcore
367 verbose request no auth needed
368 info attempt registry request try #1 at 12:25:07 AM
369 http request GET https://registry.npmjs.org/@uirouter%2fcore
370 http 200 https://registry.npmjs.org/@uirouter%2frx
371 verbose headers { 'content-type': 'application/json',
371 verbose headers   server: 'nginx/1.10.1',
371 verbose headers   'last-modified': 'Sat, 22 Apr 2017 17:10:40 GMT',
371 verbose headers   etag: 'W/"58fb8e90-10fb"',
371 verbose headers   'content-encoding': 'gzip',
371 verbose headers   'cache-control': 'max-age=0',
371 verbose headers   'transfer-encoding': 'chunked',
371 verbose headers   'accept-ranges': 'bytes',
371 verbose headers   date: 'Wed, 03 May 2017 04:25:07 GMT',
371 verbose headers   via: '1.1 varnish',
371 verbose headers   age: '0',
371 verbose headers   connection: 'keep-alive',
371 verbose headers   'x-served-by': 'cache-iad2632-IAD',
371 verbose headers   'x-cache': 'MISS',
371 verbose headers   'x-cache-hits': '0',
371 verbose headers   'x-timer': 'S1493785507.055988,VS0,VE341',
371 verbose headers   vary: 'Accept-Encoding' }
372 silly get cb [ 200,
372 silly get   { 'content-type': 'application/json',
372 silly get     server: 'nginx/1.10.1',
372 silly get     'last-modified': 'Sat, 22 Apr 2017 17:10:40 GMT',
372 silly get     etag: 'W/"58fb8e90-10fb"',
372 silly get     'content-encoding': 'gzip',
372 silly get     'cache-control': 'max-age=0',
372 silly get     'transfer-encoding': 'chunked',
372 silly get     'accept-ranges': 'bytes',
372 silly get     date: 'Wed, 03 May 2017 04:25:07 GMT',
372 silly get     via: '1.1 varnish',
372 silly get     age: '0',
372 silly get     connection: 'keep-alive',
372 silly get     'x-served-by': 'cache-iad2632-IAD',
372 silly get     'x-cache': 'MISS',
372 silly get     'x-cache-hits': '0',
372 silly get     'x-timer': 'S1493785507.055988,VS0,VE341',
372 silly get     vary: 'Accept-Encoding' } ]
373 verbose get saving @uirouter/rx to /Users/sandeepbedadala/.npm/registry.npmjs.org/_40uirouter_252frx/.cache.json
374 verbose correctMkdir /Users/sandeepbedadala/.npm correctMkdir not in flight; initializing
375 http 200 https://registry.npmjs.org/@uirouter%2fcore
376 verbose headers { 'content-type': 'application/json',
376 verbose headers   server: 'nginx/1.10.1',
376 verbose headers   'last-modified': 'Fri, 21 Apr 2017 02:26:35 GMT',
376 verbose headers   etag: 'W/"58f96ddb-1c19"',
376 verbose headers   'content-encoding': 'gzip',
376 verbose headers   'cache-control': 'max-age=0',
376 verbose headers   'transfer-encoding': 'chunked',
376 verbose headers   'accept-ranges': 'bytes',
376 verbose headers   date: 'Wed, 03 May 2017 04:25:07 GMT',
376 verbose headers   via: '1.1 varnish',
376 verbose headers   age: '0',
376 verbose headers   connection: 'keep-alive',
376 verbose headers   'x-served-by': 'cache-iad2149-IAD',
376 verbose headers   'x-cache': 'MISS',
376 verbose headers   'x-cache-hits': '0',
376 verbose headers   'x-timer': 'S1493785507.151576,VS0,VE298',
376 verbose headers   vary: 'Accept-Encoding' }
377 silly get cb [ 200,
377 silly get   { 'content-type': 'application/json',
377 silly get     server: 'nginx/1.10.1',
377 silly get     'last-modified': 'Fri, 21 Apr 2017 02:26:35 GMT',
377 silly get     etag: 'W/"58f96ddb-1c19"',
377 silly get     'content-encoding': 'gzip',
377 silly get     'cache-control': 'max-age=0',
377 silly get     'transfer-encoding': 'chunked',
377 silly get     'accept-ranges': 'bytes',
377 silly get     date: 'Wed, 03 May 2017 04:25:07 GMT',
377 silly get     via: '1.1 varnish',
377 silly get     age: '0',
377 silly get     connection: 'keep-alive',
377 silly get     'x-served-by': 'cache-iad2149-IAD',
377 silly get     'x-cache': 'MISS',
377 silly get     'x-cache-hits': '0',
377 silly get     'x-timer': 'S1493785507.151576,VS0,VE298',
377 silly get     vary: 'Accept-Encoding' } ]
378 verbose get saving @uirouter/core to /Users/sandeepbedadala/.npm/registry.npmjs.org/_40uirouter_252fcore/.cache.json
379 verbose correctMkdir /Users/sandeepbedadala/.npm correctMkdir not in flight; initializing
380 silly mapToRegistry name @uirouter/rx
381 silly mapToRegistry scope (from package name) @uirouter
382 verbose mapToRegistry no registry URL found in name for scope @uirouter
383 silly mapToRegistry using default registry
384 silly mapToRegistry registry https://registry.npmjs.org/
385 silly mapToRegistry data Result {
385 silly mapToRegistry   raw: '@uirouter/rx',
385 silly mapToRegistry   scope: '@uirouter',
385 silly mapToRegistry   name: '@uirouter/rx',
385 silly mapToRegistry   rawSpec: '',
385 silly mapToRegistry   spec: 'latest',
385 silly mapToRegistry   type: 'tag' }
386 silly mapToRegistry uri https://registry.npmjs.org/@uirouter%2frx
387 verbose addRemoteTarball https://registry.npmjs.org/@uirouter/rx/-/rx-0.3.1.tgz not in flight; adding
388 verbose addRemoteTarball [ 'https://registry.npmjs.org/@uirouter/rx/-/rx-0.3.1.tgz',
388 verbose addRemoteTarball   '66b098d3216f9eed2d8f3d11ad38367888ecb920' ]
389 silly mapToRegistry name @uirouter/core
390 silly mapToRegistry scope (from package name) @uirouter
391 verbose mapToRegistry no registry URL found in name for scope @uirouter
392 silly mapToRegistry using default registry
393 silly mapToRegistry registry https://registry.npmjs.org/
394 silly mapToRegistry data Result {
394 silly mapToRegistry   raw: '@uirouter/core',
394 silly mapToRegistry   scope: '@uirouter',
394 silly mapToRegistry   name: '@uirouter/core',
394 silly mapToRegistry   rawSpec: '',
394 silly mapToRegistry   spec: 'latest',
394 silly mapToRegistry   type: 'tag' }
395 silly mapToRegistry uri https://registry.npmjs.org/@uirouter%2fcore
396 verbose addRemoteTarball https://registry.npmjs.org/@uirouter/core/-/core-5.0.0.tgz not in flight; adding
397 verbose addRemoteTarball [ 'https://registry.npmjs.org/@uirouter/core/-/core-5.0.0.tgz',
397 verbose addRemoteTarball   'e8d4e13e8937999ebf5b10ad29de0b95fc338193' ]
398 info retry fetch attempt 1 at 12:25:07 AM
399 info attempt registry request try #1 at 12:25:07 AM
400 http fetch GET https://registry.npmjs.org/@uirouter/rx/-/rx-0.3.1.tgz
401 info retry fetch attempt 1 at 12:25:07 AM
402 info attempt registry request try #1 at 12:25:07 AM
403 http fetch GET https://registry.npmjs.org/@uirouter/core/-/core-5.0.0.tgz
404 http fetch 200 https://registry.npmjs.org/@uirouter/core/-/core-5.0.0.tgz
405 http fetch 200 https://registry.npmjs.org/@uirouter/rx/-/rx-0.3.1.tgz
406 silly fetchAndShaCheck shasum 66b098d3216f9eed2d8f3d11ad38367888ecb920
407 verbose addTmpTarball /var/folders/28/byb8rb154cz_qbfzy8vx1d540000gn/T/npm-2696-44eccf1a/registry.npmjs.org/_40uirouter/rx/-/rx-0.3.1.tgz not in flight; adding
408 verbose addTmpTarball already have metadata; skipping unpack for @uirouter/rx@0.3.1
409 verbose correctMkdir /Users/sandeepbedadala/.npm correctMkdir not in flight; initializing
410 silly cache afterAdd @uirouter/rx@0.3.1
411 verbose afterAdd /Users/sandeepbedadala/.npm/@uirouter/rx/0.3.1/package/package.json not in flight; writing
412 verbose correctMkdir /Users/sandeepbedadala/.npm correctMkdir not in flight; initializing
413 verbose afterAdd /Users/sandeepbedadala/.npm/@uirouter/rx/0.3.1/package/package.json written
414 silly fetchAndShaCheck shasum e8d4e13e8937999ebf5b10ad29de0b95fc338193
415 verbose addTmpTarball /var/folders/28/byb8rb154cz_qbfzy8vx1d540000gn/T/npm-2696-44eccf1a/registry.npmjs.org/_40uirouter/core/-/core-5.0.0.tgz not in flight; adding
416 verbose addTmpTarball already have metadata; skipping unpack for @uirouter/core@5.0.0
417 verbose correctMkdir /Users/sandeepbedadala/.npm correctMkdir not in flight; initializing
418 silly cache afterAdd @uirouter/core@5.0.0
419 verbose afterAdd /Users/sandeepbedadala/.npm/@uirouter/core/5.0.0/package/package.json not in flight; writing
420 verbose correctMkdir /Users/sandeepbedadala/.npm correctMkdir not in flight; initializing
421 verbose afterAdd /Users/sandeepbedadala/.npm/@uirouter/core/5.0.0/package/package.json written
422 silly install resolved [ { name: '@uirouter/rx',
422 silly install resolved     version: '0.3.1',
422 silly install resolved     description: 'Reactive extensions for UI-Router',
422 silly install resolved     scripts:
422 silly install resolved      { clean: 'shx rm -rf lib lib-esm',
422 silly install resolved        build: 'npm run clean && tsc && tsc -outDir lib-esm -m es6',
422 silly install resolved        install: 'node ./migrate/migratewarn.js',
422 silly install resolved        test: 'echo "Error: no test specified" && exit 1' },
422 silly install resolved     repository: { type: 'git', url: 'git+https://github.com/ui-router/rx.git' },
422 silly install resolved     keywords: [ 'ui-router', 'reactive', 'rxjs' ],
422 silly install resolved     main: 'lib/index.js',
422 silly install resolved     module: 'lib-esm/index.js',
422 silly install resolved     typings: 'lib/index.d.ts',
422 silly install resolved     author: { name: 'Chris Thielen' },
422 silly install resolved     license: 'MIT',
422 silly install resolved     bugs: { url: 'https://github.com/ui-router/rx/issues' },
422 silly install resolved     homepage: 'https://github.com/ui-router/rx#readme',
422 silly install resolved     peerDependencies: { '@uirouter/core': '5.0.0', rxjs: '^5.0.3' },
422 silly install resolved     devDependencies:
422 silly install resolved      { '@uirouter/core': '5.0.0',
422 silly install resolved        'conventional-changelog': '^1.1.0',
422 silly install resolved        'conventional-changelog-cli': '^1.2.0',
422 silly install resolved        'readline-sync': '^1.4.5',
422 silly install resolved        rxjs: '^5.0.3',
422 silly install resolved        shx: '^0.2.2',
422 silly install resolved        typescript: '^2.1.4' },
422 silly install resolved     gitHead: 'f8c011dbefb35164350e1ce95fab20c7497d8cba',
422 silly install resolved     _id: '@uirouter/rx@0.3.1',
422 silly install resolved     _shasum: '66b098d3216f9eed2d8f3d11ad38367888ecb920',
422 silly install resolved     _from: '@uirouter/rx@0.3.1',
422 silly install resolved     _npmVersion: '4.2.0',
422 silly install resolved     _nodeVersion: '7.9.0',
422 silly install resolved     _npmUser:
422 silly install resolved      { name: 'christopherthielen',
422 silly install resolved        email: 'christopherthielen@ikkyikkyikkypikangzoopboing.com' },
422 silly install resolved     dist:
422 silly install resolved      { shasum: '66b098d3216f9eed2d8f3d11ad38367888ecb920',
422 silly install resolved        tarball: 'https://registry.npmjs.org/@uirouter/rx/-/rx-0.3.1.tgz' },
422 silly install resolved     maintainers: [ [Object], [Object], [Object], [Object] ],
422 silly install resolved     _npmOperationalInternal:
422 silly install resolved      { host: 'packages-12-west.internal.npmjs.com',
422 silly install resolved        tmp: 'tmp/rx-0.3.1.tgz_1492881006749_0.036207625176757574' },
422 silly install resolved     directories: {},
422 silly install resolved     _resolved: 'https://registry.npmjs.org/@uirouter/rx/-/rx-0.3.1.tgz' },
422 silly install resolved   { name: '@uirouter/core',
422 silly install resolved     description: 'UI-Router Core: Framework agnostic, State-based routing for JavaScript Single Page Apps',
422 silly install resolved     version: '5.0.0',
422 silly install resolved     scripts:
422 silly install resolved      { clean: 'shx rm -rf lib lib-esm',
422 silly install resolved        build: 'npm run clean && tsc && tsc -m es6 --outDir lib-esm && npm run fixdts',
422 silly install resolved        fixdts: 'dts-downlevel \'lib/**/*.d.ts\' \'lib-esm/**/*.d.ts\'',
422 silly install resolved        install: 'node ./migrate/migratewarn.js',
422 silly install resolved        prepare: 'npm run build',
422 silly install resolved        test: 'karma start',
422 silly install resolved        watch: 'run-p watch:*',
422 silly install resolved        'watch:buildjs': 'tsc -w',
422 silly install resolved        'watch:buildesm': 'tsc -w -m es6 --outDir lib-esm',
422 silly install resolved        'watch:dts-downlevel': 'npm run fixdts',
422 silly install resolved        'watch:test': 'karma start --singleRun=false --autoWatch=true --autoWatchInterval=1',
422 silly install resolved        debug: 'karma start --singleRun=false --autoWatch=true --autoWatchInterval=1 --browsers=ChromeCanary',
422 silly install resolved        changelog: 'node scripts/update_changelog.js',
422 silly install resolved        release: 'node scripts/release.js' },
422 silly install resolved     homepage: 'https://ui-router.github.io',
422 silly install resolved     contributors: [ [Object], [Object], [Object], [Object] ],
422 silly install resolved     maintainers: [ [Object] ],
422 silly install resolved     repository:
422 silly install resolved      { type: 'git',
422 silly install resolved        url: 'git+https://github.com/ui-router/core.git' },
422 silly install resolved     bugs: { url: 'https://github.com/ui-router/core/issues' },
422 silly install resolved     engines: { node: '>=4.0.0' },
422 silly install resolved     'jsnext:main': 'lib-esm/index.js',
422 silly install resolved     main: 'lib/index.js',
422 silly install resolved     typings: 'lib/index.d.ts',
422 silly install resolved     license: 'MIT',
422 silly install resolved     devDependencies:
422 silly install resolved      { '@types/jasmine': '^2.2.34',
422 silly install resolved        '@types/jquery': '^1.10.31',
422 silly install resolved        'awesome-typescript-loader': '3.0.0-beta.10',
422 silly install resolved        'conventional-changelog': '^1.1.0',
422 silly install resolved        'conventional-changelog-cli': '^1.1.1',
422 silly install resolved        'conventional-changelog-ui-router-core': '^1.3.0',
422 silly install resolved        'core-js': '^2.4.1',
422 silly install resolved        'dts-downlevel': '^0.2.1',
422 silly install resolved        'jasmine-core': '^2.4.1',
422 silly install resolved        karma: '^1.2.0',
422 silly install resolved        'karma-chrome-launcher': '~0.1.0',
422 silly install resolved        'karma-coverage': '^0.5.3',
422 silly install resolved        'karma-jasmine': '^1.0.2',
422 silly install resolved        'karma-phantomjs-launcher': '^1.0.2',
422 silly install resolved        'karma-script-launcher': '~0.1.0',
422 silly install resolved        'karma-sourcemap-loader': '^0.3.7',
422 silly install resolved        'karma-webpack': '^1.8.0',
422 silly install resolved        'npm-run-all': '^3.1.1',
422 silly install resolved        'readline-sync': '^1.4.4',
422 silly install resolved        shelljs: '^0.7.0',
422 silly install resolved        shx: '^0.1.4',
422 silly install resolved        tslint: '^4.5.1',
422 silly install resolved        typescript: '^2.1.4',
422 silly install resolved        webpack: '^1.13.3' },
422 silly install resolved     gitHead: 'c22f69476c01faf5b22efe7f3e3611e177ace38f',
422 silly install resolved     _id: '@uirouter/core@5.0.0',
422 silly install resolved     _shasum: 'e8d4e13e8937999ebf5b10ad29de0b95fc338193',
422 silly install resolved     _from: '@uirouter/core@5.0.0',
422 silly install resolved     _npmVersion: '4.2.0',
422 silly install resolved     _nodeVersion: '7.9.0',
422 silly install resolved     _npmUser:
422 silly install resolved      { name: 'christopherthielen',
422 silly install resolved        email: 'christopherthielen@ikkyikkyikkypikangzoopboing.com' },
422 silly install resolved     dist:
422 silly install resolved      { shasum: 'e8d4e13e8937999ebf5b10ad29de0b95fc338193',
422 silly install resolved        tarball: 'https://registry.npmjs.org/@uirouter/core/-/core-5.0.0.tgz' },
422 silly install resolved     _npmOperationalInternal:
422 silly install resolved      { host: 'packages-12-west.internal.npmjs.com',
422 silly install resolved        tmp: 'tmp/core-5.0.0.tgz_1492741595599_0.05611288663931191' },
422 silly install resolved     directories: {},
422 silly install resolved     _resolved: 'https://registry.npmjs.org/@uirouter/core/-/core-5.0.0.tgz' } ]
423 info install @uirouter/rx@0.3.1 into /Users/sandeepbedadala/Coursework/Thesis/AdMeasure/node_modules/ui-router-ng2
424 info install @uirouter/core@5.0.0 into /Users/sandeepbedadala/Coursework/Thesis/AdMeasure/node_modules/ui-router-ng2
425 info installOne @uirouter/rx@0.3.1
426 verbose installOne of @uirouter/rx to /Users/sandeepbedadala/Coursework/Thesis/AdMeasure/node_modules/ui-router-ng2 not in flight; installing
427 verbose correctMkdir /Users/sandeepbedadala/.npm/_locks correctMkdir not in flight; initializing
428 info installOne @uirouter/core@5.0.0
429 verbose installOne of @uirouter/core to /Users/sandeepbedadala/Coursework/Thesis/AdMeasure/node_modules/ui-router-ng2 not in flight; installing
430 verbose correctMkdir /Users/sandeepbedadala/.npm/_locks correctMkdir not in flight; initializing
431 verbose lock using /Users/sandeepbedadala/.npm/_locks/uirouter-rx-224f5926bea496af.lock for /Users/sandeepbedadala/Coursework/Thesis/AdMeasure/node_modules/ui-router-ng2/node_modules/@uirouter/rx
432 silly install write writing @uirouter/rx 0.3.1 to /Users/sandeepbedadala/Coursework/Thesis/AdMeasure/node_modules/ui-router-ng2/node_modules/@uirouter/rx
433 verbose lock using /Users/sandeepbedadala/.npm/_locks/uirouter-core-6a9897ad4e4ee740.lock for /Users/sandeepbedadala/Coursework/Thesis/AdMeasure/node_modules/ui-router-ng2/node_modules/@uirouter/core
434 silly install write writing @uirouter/core 5.0.0 to /Users/sandeepbedadala/Coursework/Thesis/AdMeasure/node_modules/ui-router-ng2/node_modules/@uirouter/core
435 verbose unbuild node_modules/ui-router-ng2/node_modules/@uirouter/rx
436 silly gentlyRm /Users/sandeepbedadala/Coursework/Thesis/AdMeasure/node_modules/ui-router-ng2/node_modules/@uirouter/rx is being purged from base /Users/sandeepbedadala/Coursework/Thesis/AdMeasure
437 verbose gentlyRm don't care about contents; nuking /Users/sandeepbedadala/Coursework/Thesis/AdMeasure/node_modules/ui-router-ng2/node_modules/@uirouter/rx
438 verbose unbuild node_modules/ui-router-ng2/node_modules/@uirouter/core
439 verbose tar unpack /Users/sandeepbedadala/.npm/@uirouter/rx/0.3.1/package.tgz
440 verbose tar unpacking to /Users/sandeepbedadala/Coursework/Thesis/AdMeasure/node_modules/ui-router-ng2/node_modules/@uirouter/rx
441 silly gentlyRm /Users/sandeepbedadala/Coursework/Thesis/AdMeasure/node_modules/ui-router-ng2/node_modules/@uirouter/rx is being purged
442 verbose gentlyRm don't care about contents; nuking /Users/sandeepbedadala/Coursework/Thesis/AdMeasure/node_modules/ui-router-ng2/node_modules/@uirouter/rx
443 silly gunzTarPerm modes [ '755', '644' ]
444 silly gentlyRm /Users/sandeepbedadala/Coursework/Thesis/AdMeasure/node_modules/ui-router-ng2/node_modules/@uirouter/core is being purged from base /Users/sandeepbedadala/Coursework/Thesis/AdMeasure
445 verbose gentlyRm don't care about contents; nuking /Users/sandeepbedadala/Coursework/Thesis/AdMeasure/node_modules/ui-router-ng2/node_modules/@uirouter/core
446 verbose tar unpack /Users/sandeepbedadala/.npm/@uirouter/core/5.0.0/package.tgz
447 verbose tar unpacking to /Users/sandeepbedadala/Coursework/Thesis/AdMeasure/node_modules/ui-router-ng2/node_modules/@uirouter/core
448 silly gentlyRm /Users/sandeepbedadala/Coursework/Thesis/AdMeasure/node_modules/ui-router-ng2/node_modules/@uirouter/core is being purged
449 verbose gentlyRm don't care about contents; nuking /Users/sandeepbedadala/Coursework/Thesis/AdMeasure/node_modules/ui-router-ng2/node_modules/@uirouter/core
450 silly gunzTarPerm modes [ '755', '644' ]
451 silly gunzTarPerm extractEntry package.json
452 silly gunzTarPerm extractEntry package.json
453 silly gunzTarPerm extractEntry README.md
454 silly gunzTarPerm extractEntry LICENSE
455 silly gunzTarPerm extractEntry README.md
456 silly gunzTarPerm extractEntry LICENSE
457 silly gunzTarPerm extractEntry lib-esm/globals.js
458 silly gunzTarPerm extractEntry lib-esm/index.js
459 silly gunzTarPerm extractEntry lib-esm/index.js
460 silly gunzTarPerm extractEntry lib-esm/ui-router-rx.js
461 silly gunzTarPerm extractEntry lib-esm/interface.js
462 silly gunzTarPerm extractEntry lib-esm/router.js
463 silly gunzTarPerm extractEntry lib-esm/index.d.ts
464 silly gunzTarPerm extractEntry lib-esm/index.js.map
465 silly gunzTarPerm extractEntry lib-esm/vanilla.js
466 silly gunzTarPerm extractEntry lib-esm/ui-router-rx.d.ts
467 silly gunzTarPerm extractEntry lib-esm/ui-router-rx.js.map
468 silly gunzTarPerm extractEntry lib-esm/path/index.js
469 silly gunzTarPerm extractEntry lib-esm/path/pathFactory.js
470 silly gunzTarPerm extractEntry CHANGELOG.md
471 silly gunzTarPerm extractEntry lib-esm/path/pathNode.js
472 silly gunzTarPerm extractEntry lib-esm/path/index.d.ts
473 silly gunzTarPerm extractEntry lib/index.js
474 silly gunzTarPerm extractEntry lib/ui-router-rx.js
475 silly gunzTarPerm extractEntry lib-esm/path/index.js.map
476 silly gunzTarPerm extractEntry lib-esm/path/pathFactory.d.ts
477 silly gunzTarPerm extractEntry lib/index.d.ts
478 silly gunzTarPerm extractEntry lib/index.js.map
479 silly gunzTarPerm extractEntry lib/ui-router-rx.d.ts
480 silly gunzTarPerm extractEntry lib/ui-router-rx.js.map
481 silly gunzTarPerm extractEntry lib-esm/path/pathFactory.js.map
482 silly gunzTarPerm extractEntry lib-esm/path/pathNode.d.ts
483 silly gunzTarPerm extractEntry lib-esm/path/pathNode.js.map
484 silly gunzTarPerm extractEntry lib-esm/common/index.js
485 silly gunzTarPerm extractEntry migrate/migratewarn.js
486 silly gunzTarPerm extractEntry migrate/migrate.json
487 silly gunzTarPerm extractEntry lib-esm/common/coreservices.js
488 silly gunzTarPerm extractEntry lib-esm/common/glob.js
489 silly gunzTarPerm extractEntry lib-esm/common/hof.js
490 silly gunzTarPerm extractEntry lib-esm/common/common.js
491 silly gunzTarPerm extractEntry lib-esm/common/predicates.js
492 silly gunzTarPerm extractEntry lib-esm/common/queue.js
493 silly gunzTarPerm extractEntry lib-esm/common/strings.js
494 silly gunzTarPerm extractEntry lib-esm/common/trace.js
495 silly gunzTarPerm extractEntry lib-esm/common/hof.d.ts
496 silly gunzTarPerm extractEntry lib-esm/common/coreservices.d.ts
497 silly gunzTarPerm extractEntry lib-esm/common/hof.js.map
498 silly gunzTarPerm extractEntry lib-esm/common/index.d.ts
499 silly gunzTarPerm extractEntry lib-esm/common/common.d.ts
500 silly gunzTarPerm extractEntry lib-esm/common/index.js.map
501 silly gunzTarPerm extractEntry lib-esm/common/predicates.d.ts
502 silly gunzTarPerm extractEntry lib-esm/common/coreservices.js.map
503 silly gunzTarPerm extractEntry lib-esm/common/predicates.js.map
504 silly gunzTarPerm extractEntry lib-esm/common/queue.d.ts
505 silly gunzTarPerm extractEntry lib-esm/common/glob.d.ts
506 silly gunzTarPerm extractEntry lib-esm/common/queue.js.map
507 silly gunzTarPerm extractEntry lib-esm/common/strings.d.ts
508 silly gunzTarPerm extractEntry lib-esm/common/common.js.map
509 silly gunzTarPerm extractEntry lib-esm/common/strings.js.map
510 silly gunzTarPerm extractEntry lib-esm/common/trace.d.ts
511 verbose write writing to /Users/sandeepbedadala/Coursework/Thesis/AdMeasure/node_modules/ui-router-ng2/node_modules/@uirouter/rx/package.json
512 info preinstall @uirouter/rx@0.3.1
513 verbose readDependencies loading dependencies from /Users/sandeepbedadala/Coursework/Thesis/AdMeasure/node_modules/ui-router-ng2/node_modules/@uirouter/rx/package.json
514 silly gunzTarPerm extractEntry lib-esm/common/glob.js.map
515 silly gunzTarPerm extractEntry lib-esm/common/trace.js.map
516 silly gunzTarPerm extractEntry lib-esm/index.js.map
517 silly gunzTarPerm extractEntry lib-esm/interface.d.ts
518 silly gunzTarPerm extractEntry lib-esm/globals.js.map
519 silly gunzTarPerm extractEntry lib-esm/interface.js.map
520 verbose readDependencies loading dependencies from /Users/sandeepbedadala/Coursework/Thesis/AdMeasure/node_modules/ui-router-ng2/node_modules/@uirouter/rx/package.json
521 silly gunzTarPerm extractEntry lib-esm/params/interface.js
522 silly gunzTarPerm extractEntry lib-esm/params/param.js
523 silly gunzTarPerm extractEntry lib-esm/params/index.js
524 silly gunzTarPerm extractEntry lib-esm/params/paramType.js
525 silly install resolved []
526 verbose about to build /Users/sandeepbedadala/Coursework/Thesis/AdMeasure/node_modules/ui-router-ng2/node_modules/@uirouter/rx
527 info build /Users/sandeepbedadala/Coursework/Thesis/AdMeasure/node_modules/ui-router-ng2/node_modules/@uirouter/rx
528 silly gunzTarPerm extractEntry lib-esm/params/paramTypes.js
529 silly gunzTarPerm extractEntry lib-esm/params/stateParams.js
530 info linkStuff @uirouter/rx@0.3.1
531 silly linkStuff @uirouter/rx@0.3.1 has /Users/sandeepbedadala/Coursework/Thesis/AdMeasure/node_modules/ui-router-ng2/node_modules as its parent node_modules
532 silly gunzTarPerm extractEntry lib-esm/params/paramType.d.ts
533 silly gunzTarPerm extractEntry lib-esm/params/index.js.map
534 verbose linkBins @uirouter/rx@0.3.1
535 verbose linkMans @uirouter/rx@0.3.1
536 verbose rebuildBundles @uirouter/rx@0.3.1
537 info install @uirouter/rx@0.3.1
538 silly gunzTarPerm extractEntry lib-esm/params/param.js.map
539 silly gunzTarPerm extractEntry lib-esm/params/interface.d.ts
540 verbose unsafe-perm in lifecycle true
541 silly gunzTarPerm extractEntry lib-esm/params/index.d.ts
542 silly gunzTarPerm extractEntry lib-esm/params/paramType.js.map
543 silly gunzTarPerm extractEntry lib-esm/params/paramTypes.d.ts
544 silly gunzTarPerm extractEntry lib-esm/params/interface.js.map
545 silly gunzTarPerm extractEntry lib-esm/params/paramTypes.js.map
546 silly gunzTarPerm extractEntry lib-esm/params/stateParams.d.ts
547 silly gunzTarPerm extractEntry lib-esm/params/param.d.ts
548 silly gunzTarPerm extractEntry lib-esm/params/stateParams.js.map
549 silly gunzTarPerm extractEntry lib-esm/globals.d.ts
550 silly gunzTarPerm extractEntry lib-esm/resolve/interface.js
551 silly gunzTarPerm extractEntry lib-esm/resolve/index.js
552 silly gunzTarPerm extractEntry lib-esm/resolve/resolvable.js
553 silly gunzTarPerm extractEntry lib-esm/resolve/resolveContext.js
554 silly gunzTarPerm extractEntry lib-esm/resolve/resolvable.d.ts
555 silly gunzTarPerm extractEntry lib-esm/resolve/interface.js.map
556 silly gunzTarPerm extractEntry lib-esm/resolve/index.js.map
557 silly gunzTarPerm extractEntry lib-esm/resolve/interface.d.ts
558 silly gunzTarPerm extractEntry lib-esm/resolve/resolvable.js.map
559 silly gunzTarPerm extractEntry lib-esm/resolve/resolveContext.d.ts
560 silly gunzTarPerm extractEntry lib-esm/resolve/index.d.ts
561 silly gunzTarPerm extractEntry lib-esm/resolve/resolveContext.js.map
562 silly gunzTarPerm extractEntry lib-esm/router.d.ts
563 silly gunzTarPerm extractEntry lib-esm/hooks/views.js
564 silly gunzTarPerm extractEntry lib-esm/hooks/invalidTransition.js
565 silly gunzTarPerm extractEntry lib-esm/hooks/lazyLoad.js
566 silly gunzTarPerm extractEntry lib-esm/hooks/onEnterExitRetain.js
567 silly gunzTarPerm extractEntry lib-esm/hooks/ignoredTransition.js
568 silly gunzTarPerm extractEntry lib-esm/hooks/redirectTo.js
569 silly gunzTarPerm extractEntry lib-esm/hooks/resolve.js
570 silly gunzTarPerm extractEntry lib-esm/hooks/updateGlobals.js
571 silly gunzTarPerm extractEntry lib-esm/hooks/url.js
572 silly gunzTarPerm extractEntry lib-esm/hooks/coreResolvables.js
573 silly gunzTarPerm extractEntry lib-esm/hooks/redirectTo.d.ts
574 silly gunzTarPerm extractEntry lib-esm/hooks/lazyLoad.js.map
575 silly gunzTarPerm extractEntry lib-esm/hooks/onEnterExitRetain.d.ts
576 silly gunzTarPerm extractEntry lib-esm/hooks/coreResolvables.d.ts
577 silly gunzTarPerm extractEntry lib-esm/hooks/onEnterExitRetain.js.map
578 silly gunzTarPerm extractEntry lib-esm/hooks/ignoredTransition.js.map
579 silly gunzTarPerm extractEntry lib-esm/hooks/invalidTransition.d.ts
580 silly gunzTarPerm extractEntry lib-esm/hooks/redirectTo.js.map
581 silly gunzTarPerm extractEntry lib-esm/hooks/resolve.d.ts
582 silly gunzTarPerm extractEntry lib-esm/hooks/coreResolvables.js.map
583 silly gunzTarPerm extractEntry lib-esm/hooks/resolve.js.map
584 silly gunzTarPerm extractEntry lib-esm/hooks/updateGlobals.d.ts
585 silly gunzTarPerm extractEntry lib-esm/hooks/invalidTransition.js.map
586 silly gunzTarPerm extractEntry lib-esm/hooks/updateGlobals.js.map
587 silly gunzTarPerm extractEntry lib-esm/hooks/url.d.ts
588 silly gunzTarPerm extractEntry lib-esm/hooks/lazyLoad.d.ts
589 silly gunzTarPerm extractEntry lib-esm/hooks/url.js.map
590 silly gunzTarPerm extractEntry lib-esm/hooks/views.d.ts
591 silly gunzTarPerm extractEntry lib-esm/hooks/ignoredTransition.d.ts
592 silly gunzTarPerm extractEntry lib-esm/hooks/views.js.map
593 silly gunzTarPerm extractEntry lib-esm/router.js.map
594 silly gunzTarPerm extractEntry lib-esm/state/stateObject.js
595 silly gunzTarPerm extractEntry lib-esm/state/interface.js
596 silly gunzTarPerm extractEntry lib-esm/state/stateBuilder.js
597 silly gunzTarPerm extractEntry lib-esm/state/stateMatcher.js
598 silly gunzTarPerm extractEntry lib-esm/state/index.js
599 silly gunzTarPerm extractEntry lib-esm/state/stateQueueManager.js
600 silly gunzTarPerm extractEntry lib-esm/state/stateRegistry.js
601 silly gunzTarPerm extractEntry lib-esm/state/stateService.js
602 silly gunzTarPerm extractEntry lib-esm/state/targetState.js
603 silly gunzTarPerm extractEntry lib-esm/state/stateMatcher.d.ts
604 silly gunzTarPerm extractEntry lib-esm/state/interface.d.ts
605 silly gunzTarPerm extractEntry lib-esm/state/stateMatcher.js.map
606 silly gunzTarPerm extractEntry lib-esm/state/stateObject.d.ts
607 silly gunzTarPerm extractEntry lib-esm/state/index.d.ts
608 silly gunzTarPerm extractEntry lib-esm/state/stateObject.js.map
609 silly gunzTarPerm extractEntry lib-esm/state/stateQueueManager.d.ts
610 silly gunzTarPerm extractEntry lib-esm/state/interface.js.map
611 silly gunzTarPerm extractEntry lib-esm/state/stateQueueManager.js.map
612 silly gunzTarPerm extractEntry lib-esm/state/stateRegistry.d.ts
613 silly gunzTarPerm extractEntry lib-esm/state/stateBuilder.d.ts
614 silly gunzTarPerm extractEntry lib-esm/state/stateRegistry.js.map
615 silly gunzTarPerm extractEntry lib-esm/state/stateService.d.ts
616 silly gunzTarPerm extractEntry lib-esm/state/index.js.map
617 silly gunzTarPerm extractEntry lib-esm/state/stateService.js.map
618 silly gunzTarPerm extractEntry lib-esm/state/targetState.d.ts
619 silly gunzTarPerm extractEntry lib-esm/state/stateBuilder.js.map
620 silly gunzTarPerm extractEntry lib-esm/state/targetState.js.map
621 silly gunzTarPerm extractEntry lib-esm/transition/rejectFactory.js
622 silly gunzTarPerm extractEntry lib-esm/transition/hookRegistry.js
623 silly gunzTarPerm extractEntry lib-esm/transition/index.js
624 silly gunzTarPerm extractEntry lib-esm/transition/interface.js
625 silly gunzTarPerm extractEntry lib-esm/transition/hookBuilder.js
626 silly gunzTarPerm extractEntry lib-esm/transition/transition.js
627 silly gunzTarPerm extractEntry lib-esm/transition/transitionEventType.js
628 silly gunzTarPerm extractEntry lib-esm/transition/transitionHook.js
629 info postinstall @uirouter/rx@0.3.1
630 silly gunzTarPerm extractEntry lib-esm/transition/transitionService.js
631 silly gunzTarPerm extractEntry lib-esm/transition/interface.d.ts
632 verbose unlock done using /Users/sandeepbedadala/.npm/_locks/uirouter-rx-224f5926bea496af.lock for /Users/sandeepbedadala/Coursework/Thesis/AdMeasure/node_modules/ui-router-ng2/node_modules/@uirouter/rx
633 silly gunzTarPerm extractEntry lib-esm/transition/hookRegistry.d.ts
634 silly gunzTarPerm extractEntry lib-esm/transition/interface.js.map
635 silly gunzTarPerm extractEntry lib-esm/transition/rejectFactory.d.ts
636 silly gunzTarPerm extractEntry lib-esm/transition/hookBuilder.d.ts
637 silly gunzTarPerm extractEntry lib-esm/transition/rejectFactory.js.map
638 silly gunzTarPerm extractEntry lib-esm/transition/transition.d.ts
639 silly gunzTarPerm extractEntry lib-esm/transition/hookRegistry.js.map
640 silly gunzTarPerm extractEntry lib-esm/transition/transition.js.map
641 silly gunzTarPerm extractEntry lib-esm/transition/transitionEventType.d.ts
642 silly gunzTarPerm extractEntry lib-esm/transition/index.d.ts
643 silly gunzTarPerm extractEntry lib-esm/transition/transitionEventType.js.map
644 silly gunzTarPerm extractEntry lib-esm/transition/transitionHook.d.ts
645 silly gunzTarPerm extractEntry lib-esm/transition/hookBuilder.js.map
646 silly gunzTarPerm extractEntry lib-esm/transition/transitionHook.js.map
647 silly gunzTarPerm extractEntry lib-esm/transition/transitionService.d.ts
648 silly gunzTarPerm extractEntry lib-esm/transition/index.js.map
649 silly gunzTarPerm extractEntry lib-esm/transition/transitionService.js.map
650 silly gunzTarPerm extractEntry lib-esm/url/urlMatcherFactory.js
651 silly gunzTarPerm extractEntry lib-esm/url/interface.js
652 silly gunzTarPerm extractEntry lib-esm/url/urlMatcher.js
653 silly gunzTarPerm extractEntry lib-esm/url/index.js
654 silly gunzTarPerm extractEntry lib-esm/url/urlRouter.js
655 silly gunzTarPerm extractEntry lib-esm/url/urlRule.js
656 silly gunzTarPerm extractEntry lib-esm/url/urlService.js
657 silly gunzTarPerm extractEntry lib-esm/url/index.js.map
658 silly gunzTarPerm extractEntry lib-esm/url/urlMatcher.js.map
659 silly gunzTarPerm extractEntry lib-esm/url/urlMatcherFactory.d.ts
660 silly gunzTarPerm extractEntry lib-esm/url/interface.d.ts
661 silly gunzTarPerm extractEntry lib-esm/url/urlMatcherFactory.js.map
662 silly gunzTarPerm extractEntry lib-esm/url/urlRouter.d.ts
663 silly gunzTarPerm extractEntry lib-esm/url/index.d.ts
664 silly gunzTarPerm extractEntry lib-esm/url/urlRouter.js.map
665 silly gunzTarPerm extractEntry lib-esm/url/urlRule.d.ts
666 silly gunzTarPerm extractEntry lib-esm/url/interface.js.map
667 silly gunzTarPerm extractEntry lib-esm/url/urlRule.js.map
668 silly gunzTarPerm extractEntry lib-esm/url/urlService.d.ts
669 silly gunzTarPerm extractEntry lib-esm/url/urlMatcher.d.ts
670 silly gunzTarPerm extractEntry lib-esm/url/urlService.js.map
671 silly gunzTarPerm extractEntry lib-esm/vanilla/utils.js
672 silly gunzTarPerm extractEntry lib-esm/vanilla/index.js
673 silly gunzTarPerm extractEntry lib-esm/vanilla/injector.js
674 silly gunzTarPerm extractEntry lib-esm/vanilla/interface.js
675 silly gunzTarPerm extractEntry lib-esm/vanilla/hashLocationService.js
676 silly gunzTarPerm extractEntry lib-esm/vanilla/memoryLocationConfig.js
677 silly gunzTarPerm extractEntry lib-esm/vanilla/memoryLocationService.js
678 silly gunzTarPerm extractEntry lib-esm/vanilla/plugins.js
679 silly gunzTarPerm extractEntry lib-esm/vanilla/pushStateLocationService.js
680 silly gunzTarPerm extractEntry lib-esm/vanilla/q.js
681 silly gunzTarPerm extractEntry lib-esm/vanilla/browserLocationConfig.js
682 silly gunzTarPerm extractEntry lib-esm/vanilla/baseLocationService.js
683 silly gunzTarPerm extractEntry lib-esm/vanilla/memoryLocationConfig.d.ts
684 silly gunzTarPerm extractEntry lib-esm/vanilla/baseLocationService.d.ts
685 silly gunzTarPerm extractEntry lib-esm/vanilla/injector.js.map
686 silly gunzTarPerm extractEntry lib-esm/vanilla/interface.d.ts
687 silly gunzTarPerm extractEntry lib-esm/vanilla/browserLocationConfig.js.map
688 silly gunzTarPerm extractEntry lib-esm/vanilla/interface.js.map
689 silly gunzTarPerm extractEntry lib-esm/vanilla/hashLocationService.d.ts
690 silly gunzTarPerm extractEntry lib-esm/vanilla/baseLocationService.js.map
691 silly gunzTarPerm extractEntry lib-esm/vanilla/memoryLocationConfig.js.map
692 silly gunzTarPerm extractEntry lib-esm/vanilla/memoryLocationService.d.ts
693 silly gunzTarPerm extractEntry lib-esm/vanilla/hashLocationService.js.map
694 silly gunzTarPerm extractEntry lib-esm/vanilla/memoryLocationService.js.map
695 silly gunzTarPerm extractEntry lib-esm/vanilla/plugins.d.ts
696 silly gunzTarPerm extractEntry lib-esm/vanilla/index.d.ts
697 silly gunzTarPerm extractEntry lib-esm/vanilla/plugins.js.map
698 silly gunzTarPerm extractEntry lib-esm/vanilla/pushStateLocationService.d.ts
699 silly gunzTarPerm extractEntry lib-esm/vanilla/browserLocationConfig.d.ts
700 silly gunzTarPerm extractEntry lib-esm/vanilla/pushStateLocationService.js.map
701 silly gunzTarPerm extractEntry lib-esm/vanilla/q.d.ts
702 silly gunzTarPerm extractEntry lib-esm/vanilla/index.js.map
703 silly gunzTarPerm extractEntry lib-esm/vanilla/q.js.map
704 silly gunzTarPerm extractEntry lib-esm/vanilla/utils.d.ts
705 silly gunzTarPerm extractEntry lib-esm/vanilla/injector.d.ts
706 silly gunzTarPerm extractEntry lib-esm/vanilla/utils.js.map
707 silly gunzTarPerm extractEntry lib-esm/vanilla.d.ts
708 silly gunzTarPerm extractEntry lib-esm/index.d.ts
709 silly gunzTarPerm extractEntry lib-esm/vanilla.js.map
710 silly gunzTarPerm extractEntry lib-esm/view/index.js
711 silly gunzTarPerm extractEntry lib-esm/view/interface.js
712 silly gunzTarPerm extractEntry lib-esm/view/view.js
713 silly gunzTarPerm extractEntry lib-esm/view/index.d.ts
714 silly gunzTarPerm extractEntry lib-esm/view/index.js.map
715 silly gunzTarPerm extractEntry lib-esm/view/interface.d.ts
716 silly gunzTarPerm extractEntry lib-esm/view/interface.js.map
717 silly gunzTarPerm extractEntry lib-esm/view/view.d.ts
718 silly gunzTarPerm extractEntry lib-esm/view/view.js.map
719 silly gunzTarPerm extractEntry CONTRIBUTING.md
720 silly gunzTarPerm extractEntry lib/globals.js
721 silly gunzTarPerm extractEntry lib/index.js
722 silly gunzTarPerm extractEntry lib/interface.js
723 silly gunzTarPerm extractEntry lib/router.js
724 silly gunzTarPerm extractEntry lib/vanilla.js
725 silly gunzTarPerm extractEntry lib/path/index.js
726 silly gunzTarPerm extractEntry lib/path/pathFactory.js
727 silly gunzTarPerm extractEntry lib/path/pathNode.js
728 silly gunzTarPerm extractEntry lib/path/index.d.ts
729 silly gunzTarPerm extractEntry lib/path/index.js.map
730 silly gunzTarPerm extractEntry lib/path/pathFactory.d.ts
731 silly gunzTarPerm extractEntry lib/path/pathFactory.js.map
732 silly gunzTarPerm extractEntry lib/path/pathNode.d.ts
733 silly gunzTarPerm extractEntry lib/path/pathNode.js.map
734 silly gunzTarPerm extractEntry lib/common/index.js
735 silly gunzTarPerm extractEntry lib/common/coreservices.js
736 silly gunzTarPerm extractEntry lib/common/glob.js
737 silly gunzTarPerm extractEntry lib/common/hof.js
738 silly gunzTarPerm extractEntry lib/common/common.js
739 silly gunzTarPerm extractEntry lib/common/predicates.js
740 silly gunzTarPerm extractEntry lib/common/queue.js
741 silly gunzTarPerm extractEntry lib/common/strings.js
742 silly gunzTarPerm extractEntry lib/common/trace.js
743 silly gunzTarPerm extractEntry lib/common/hof.d.ts
744 silly gunzTarPerm extractEntry lib/common/coreservices.d.ts
745 silly gunzTarPerm extractEntry lib/common/hof.js.map
746 silly gunzTarPerm extractEntry lib/common/index.d.ts
747 silly gunzTarPerm extractEntry lib/common/common.d.ts
748 silly gunzTarPerm extractEntry lib/common/index.js.map
749 silly gunzTarPerm extractEntry lib/common/predicates.d.ts
750 silly gunzTarPerm extractEntry lib/common/coreservices.js.map
751 silly gunzTarPerm extractEntry lib/common/predicates.js.map
752 silly gunzTarPerm extractEntry lib/common/queue.d.ts
753 silly gunzTarPerm extractEntry lib/common/glob.d.ts
754 silly gunzTarPerm extractEntry lib/common/queue.js.map
755 silly gunzTarPerm extractEntry lib/common/strings.d.ts
756 silly gunzTarPerm extractEntry lib/common/common.js.map
757 silly gunzTarPerm extractEntry lib/common/strings.js.map
758 silly gunzTarPerm extractEntry lib/common/trace.d.ts
759 silly gunzTarPerm extractEntry lib/common/glob.js.map
760 silly gunzTarPerm extractEntry lib/common/trace.js.map
761 silly gunzTarPerm extractEntry lib/index.js.map
762 silly gunzTarPerm extractEntry lib/interface.d.ts
763 silly gunzTarPerm extractEntry lib/globals.js.map
764 silly gunzTarPerm extractEntry lib/interface.js.map
765 silly gunzTarPerm extractEntry lib/params/interface.js
766 silly gunzTarPerm extractEntry lib/params/param.js
767 silly gunzTarPerm extractEntry lib/params/index.js
768 silly gunzTarPerm extractEntry lib/params/paramType.js
769 silly gunzTarPerm extractEntry lib/params/paramTypes.js
770 silly gunzTarPerm extractEntry lib/params/stateParams.js
771 silly gunzTarPerm extractEntry lib/params/paramType.d.ts
772 silly gunzTarPerm extractEntry lib/params/index.js.map
773 silly gunzTarPerm extractEntry lib/params/param.js.map
774 silly gunzTarPerm extractEntry lib/params/interface.d.ts
775 silly gunzTarPerm extractEntry lib/params/index.d.ts
776 silly gunzTarPerm extractEntry lib/params/paramType.js.map
777 silly gunzTarPerm extractEntry lib/params/paramTypes.d.ts
778 silly gunzTarPerm extractEntry lib/params/interface.js.map
779 silly gunzTarPerm extractEntry lib/params/paramTypes.js.map
780 silly gunzTarPerm extractEntry lib/params/stateParams.d.ts
781 silly gunzTarPerm extractEntry lib/params/param.d.ts
782 silly gunzTarPerm extractEntry lib/params/stateParams.js.map
783 silly gunzTarPerm extractEntry lib/globals.d.ts
784 silly gunzTarPerm extractEntry lib/resolve/interface.js
785 silly gunzTarPerm extractEntry lib/resolve/index.js
786 silly gunzTarPerm extractEntry lib/resolve/resolvable.js
787 silly gunzTarPerm extractEntry lib/resolve/resolveContext.js
788 silly gunzTarPerm extractEntry lib/resolve/resolvable.d.ts
789 silly gunzTarPerm extractEntry lib/resolve/interface.js.map
790 silly gunzTarPerm extractEntry lib/resolve/index.js.map
791 silly gunzTarPerm extractEntry lib/resolve/interface.d.ts
792 silly gunzTarPerm extractEntry lib/resolve/resolvable.js.map
793 silly gunzTarPerm extractEntry lib/resolve/resolveContext.d.ts
794 silly gunzTarPerm extractEntry lib/resolve/index.d.ts
795 silly gunzTarPerm extractEntry lib/resolve/resolveContext.js.map
796 silly gunzTarPerm extractEntry lib/router.d.ts
797 silly gunzTarPerm extractEntry lib/hooks/views.js
798 silly gunzTarPerm extractEntry lib/hooks/invalidTransition.js
799 silly gunzTarPerm extractEntry lib/hooks/lazyLoad.js
800 silly gunzTarPerm extractEntry lib/hooks/onEnterExitRetain.js
801 silly gunzTarPerm extractEntry lib/hooks/ignoredTransition.js
802 silly gunzTarPerm extractEntry lib/hooks/redirectTo.js
803 silly gunzTarPerm extractEntry lib/hooks/resolve.js
804 silly gunzTarPerm extractEntry lib/hooks/updateGlobals.js
805 silly gunzTarPerm extractEntry lib/hooks/url.js
806 silly gunzTarPerm extractEntry lib/hooks/coreResolvables.js
807 silly gunzTarPerm extractEntry lib/hooks/redirectTo.d.ts
808 silly gunzTarPerm extractEntry lib/hooks/lazyLoad.js.map
809 silly gunzTarPerm extractEntry lib/hooks/onEnterExitRetain.d.ts
810 silly gunzTarPerm extractEntry lib/hooks/coreResolvables.d.ts
811 silly gunzTarPerm extractEntry lib/hooks/onEnterExitRetain.js.map
812 silly gunzTarPerm extractEntry lib/hooks/ignoredTransition.js.map
813 silly gunzTarPerm extractEntry lib/hooks/invalidTransition.d.ts
814 silly gunzTarPerm extractEntry lib/hooks/redirectTo.js.map
815 silly gunzTarPerm extractEntry lib/hooks/resolve.d.ts
816 silly gunzTarPerm extractEntry lib/hooks/coreResolvables.js.map
817 silly gunzTarPerm extractEntry lib/hooks/resolve.js.map
818 silly gunzTarPerm extractEntry lib/hooks/updateGlobals.d.ts
819 silly gunzTarPerm extractEntry lib/hooks/invalidTransition.js.map
820 silly gunzTarPerm extractEntry lib/hooks/updateGlobals.js.map
821 silly gunzTarPerm extractEntry lib/hooks/url.d.ts
822 silly gunzTarPerm extractEntry lib/hooks/lazyLoad.d.ts
823 silly gunzTarPerm extractEntry lib/hooks/url.js.map
824 silly gunzTarPerm extractEntry lib/hooks/views.d.ts
825 silly gunzTarPerm extractEntry lib/hooks/ignoredTransition.d.ts
826 silly gunzTarPerm extractEntry lib/hooks/views.js.map
827 silly gunzTarPerm extractEntry lib/router.js.map
828 silly gunzTarPerm extractEntry lib/state/stateObject.js
829 silly gunzTarPerm extractEntry lib/state/interface.js
830 silly gunzTarPerm extractEntry lib/state/stateBuilder.js
831 silly gunzTarPerm extractEntry lib/state/stateMatcher.js
832 silly gunzTarPerm extractEntry lib/state/index.js
833 silly gunzTarPerm extractEntry lib/state/stateQueueManager.js
834 silly gunzTarPerm extractEntry lib/state/stateRegistry.js
835 silly gunzTarPerm extractEntry lib/state/stateService.js
836 silly gunzTarPerm extractEntry lib/state/targetState.js
837 silly gunzTarPerm extractEntry lib/state/stateMatcher.d.ts
838 silly gunzTarPerm extractEntry lib/state/interface.d.ts
839 silly gunzTarPerm extractEntry lib/state/stateMatcher.js.map
840 silly gunzTarPerm extractEntry lib/state/stateObject.d.ts
841 silly gunzTarPerm extractEntry lib/state/index.d.ts
842 silly gunzTarPerm extractEntry lib/state/stateObject.js.map
843 silly gunzTarPerm extractEntry lib/state/stateQueueManager.d.ts
844 silly gunzTarPerm extractEntry lib/state/interface.js.map
845 silly gunzTarPerm extractEntry lib/state/stateQueueManager.js.map
846 silly gunzTarPerm extractEntry lib/state/stateRegistry.d.ts
847 silly gunzTarPerm extractEntry lib/state/stateBuilder.d.ts
848 silly gunzTarPerm extractEntry lib/state/stateRegistry.js.map
849 silly gunzTarPerm extractEntry lib/state/stateService.d.ts
850 silly gunzTarPerm extractEntry lib/state/index.js.map
851 silly gunzTarPerm extractEntry lib/state/stateService.js.map
852 silly gunzTarPerm extractEntry lib/state/targetState.d.ts
853 silly gunzTarPerm extractEntry lib/state/stateBuilder.js.map
854 silly gunzTarPerm extractEntry lib/state/targetState.js.map
855 silly gunzTarPerm extractEntry lib/transition/rejectFactory.js
856 silly gunzTarPerm extractEntry lib/transition/hookRegistry.js
857 silly gunzTarPerm extractEntry lib/transition/index.js
858 silly gunzTarPerm extractEntry lib/transition/interface.js
859 silly gunzTarPerm extractEntry lib/transition/hookBuilder.js
860 silly gunzTarPerm extractEntry lib/transition/transition.js
861 silly gunzTarPerm extractEntry lib/transition/transitionEventType.js
862 silly gunzTarPerm extractEntry lib/transition/transitionHook.js
863 silly gunzTarPerm extractEntry lib/transition/transitionService.js
864 silly gunzTarPerm extractEntry lib/transition/interface.d.ts
865 silly gunzTarPerm extractEntry lib/transition/hookRegistry.d.ts
866 silly gunzTarPerm extractEntry lib/transition/interface.js.map
867 silly gunzTarPerm extractEntry lib/transition/rejectFactory.d.ts
868 silly gunzTarPerm extractEntry lib/transition/hookBuilder.d.ts
869 silly gunzTarPerm extractEntry lib/transition/rejectFactory.js.map
870 silly gunzTarPerm extractEntry lib/transition/transition.d.ts
871 silly gunzTarPerm extractEntry lib/transition/hookRegistry.js.map
872 silly gunzTarPerm extractEntry lib/transition/transition.js.map
873 silly gunzTarPerm extractEntry lib/transition/transitionEventType.d.ts
874 silly gunzTarPerm extractEntry lib/transition/index.d.ts
875 silly gunzTarPerm extractEntry lib/transition/transitionEventType.js.map
876 silly gunzTarPerm extractEntry lib/transition/transitionHook.d.ts
877 silly gunzTarPerm extractEntry lib/transition/hookBuilder.js.map
878 silly gunzTarPerm extractEntry lib/transition/transitionHook.js.map
879 silly gunzTarPerm extractEntry lib/transition/transitionService.d.ts
880 silly gunzTarPerm extractEntry lib/transition/index.js.map
881 silly gunzTarPerm extractEntry lib/transition/transitionService.js.map
882 silly gunzTarPerm extractEntry lib/url/urlMatcherFactory.js
883 silly gunzTarPerm extractEntry lib/url/interface.js
884 silly gunzTarPerm extractEntry lib/url/urlMatcher.js
885 silly gunzTarPerm extractEntry lib/url/index.js
886 silly gunzTarPerm extractEntry lib/url/urlRouter.js
887 silly gunzTarPerm extractEntry lib/url/urlRule.js
888 silly gunzTarPerm extractEntry lib/url/urlService.js
889 silly gunzTarPerm extractEntry lib/url/index.js.map
890 silly gunzTarPerm extractEntry lib/url/urlMatcher.js.map
891 silly gunzTarPerm extractEntry lib/url/urlMatcherFactory.d.ts
892 silly gunzTarPerm extractEntry lib/url/interface.d.ts
893 silly gunzTarPerm extractEntry lib/url/urlMatcherFactory.js.map
894 silly gunzTarPerm extractEntry lib/url/urlRouter.d.ts
895 silly gunzTarPerm extractEntry lib/url/index.d.ts
896 silly gunzTarPerm extractEntry lib/url/urlRouter.js.map
897 silly gunzTarPerm extractEntry lib/url/urlRule.d.ts
898 silly gunzTarPerm extractEntry lib/url/interface.js.map
899 silly gunzTarPerm extractEntry lib/url/urlRule.js.map
900 silly gunzTarPerm extractEntry lib/url/urlService.d.ts
901 silly gunzTarPerm extractEntry lib/url/urlMatcher.d.ts
902 silly gunzTarPerm extractEntry lib/url/urlService.js.map
903 silly gunzTarPerm extractEntry lib/vanilla/utils.js
904 silly gunzTarPerm extractEntry lib/vanilla/index.js
905 silly gunzTarPerm extractEntry lib/vanilla/injector.js
906 silly gunzTarPerm extractEntry lib/vanilla/interface.js
907 silly gunzTarPerm extractEntry lib/vanilla/hashLocationService.js
908 silly gunzTarPerm extractEntry lib/vanilla/memoryLocationConfig.js
909 silly gunzTarPerm extractEntry lib/vanilla/memoryLocationService.js
910 silly gunzTarPerm extractEntry lib/vanilla/plugins.js
911 silly gunzTarPerm extractEntry lib/vanilla/pushStateLocationService.js
912 silly gunzTarPerm extractEntry lib/vanilla/q.js
913 silly gunzTarPerm extractEntry lib/vanilla/browserLocationConfig.js
914 silly gunzTarPerm extractEntry lib/vanilla/baseLocationService.js
915 silly gunzTarPerm extractEntry lib/vanilla/memoryLocationConfig.d.ts
916 silly gunzTarPerm extractEntry lib/vanilla/baseLocationService.d.ts
917 silly gunzTarPerm extractEntry lib/vanilla/injector.js.map
918 silly gunzTarPerm extractEntry lib/vanilla/interface.d.ts
919 silly gunzTarPerm extractEntry lib/vanilla/browserLocationConfig.js.map
920 silly gunzTarPerm extractEntry lib/vanilla/interface.js.map
921 silly gunzTarPerm extractEntry lib/vanilla/hashLocationService.d.ts
922 silly gunzTarPerm extractEntry lib/vanilla/baseLocationService.js.map
923 silly gunzTarPerm extractEntry lib/vanilla/memoryLocationConfig.js.map
924 silly gunzTarPerm extractEntry lib/vanilla/memoryLocationService.d.ts
925 silly gunzTarPerm extractEntry lib/vanilla/hashLocationService.js.map
926 silly gunzTarPerm extractEntry lib/vanilla/memoryLocationService.js.map
927 silly gunzTarPerm extractEntry lib/vanilla/plugins.d.ts
928 silly gunzTarPerm extractEntry lib/vanilla/index.d.ts
929 silly gunzTarPerm extractEntry lib/vanilla/plugins.js.map
930 silly gunzTarPerm extractEntry lib/vanilla/pushStateLocationService.d.ts
931 silly gunzTarPerm extractEntry lib/vanilla/browserLocationConfig.d.ts
932 silly gunzTarPerm extractEntry lib/vanilla/pushStateLocationService.js.map
933 silly gunzTarPerm extractEntry lib/vanilla/q.d.ts
934 silly gunzTarPerm extractEntry lib/vanilla/index.js.map
935 silly gunzTarPerm extractEntry lib/vanilla/q.js.map
936 silly gunzTarPerm extractEntry lib/vanilla/utils.d.ts
937 silly gunzTarPerm extractEntry lib/vanilla/injector.d.ts
938 silly gunzTarPerm extractEntry lib/vanilla/utils.js.map
939 silly gunzTarPerm extractEntry lib/vanilla.d.ts
940 silly gunzTarPerm extractEntry lib/index.d.ts
941 silly gunzTarPerm extractEntry lib/vanilla.js.map
942 silly gunzTarPerm extractEntry lib/view/index.js
943 silly gunzTarPerm extractEntry lib/view/interface.js
944 silly gunzTarPerm extractEntry lib/view/view.js
945 silly gunzTarPerm extractEntry lib/view/index.d.ts
946 silly gunzTarPerm extractEntry lib/view/index.js.map
947 silly gunzTarPerm extractEntry lib/view/interface.d.ts
948 silly gunzTarPerm extractEntry lib/view/interface.js.map
949 silly gunzTarPerm extractEntry lib/view/view.d.ts
950 silly gunzTarPerm extractEntry lib/view/view.js.map
951 silly gunzTarPerm extractEntry migrate/migratewarn.js
952 silly gunzTarPerm extractEntry migrate/migrate.json
953 silly gunzTarPerm extractEntry CHANGELOG.md
954 verbose write writing to /Users/sandeepbedadala/Coursework/Thesis/AdMeasure/node_modules/ui-router-ng2/node_modules/@uirouter/core/package.json
955 info preinstall @uirouter/core@5.0.0
956 verbose readDependencies loading dependencies from /Users/sandeepbedadala/Coursework/Thesis/AdMeasure/node_modules/ui-router-ng2/node_modules/@uirouter/core/package.json
957 verbose readDependencies loading dependencies from /Users/sandeepbedadala/Coursework/Thesis/AdMeasure/node_modules/ui-router-ng2/node_modules/@uirouter/core/package.json
958 silly install resolved []
959 verbose about to build /Users/sandeepbedadala/Coursework/Thesis/AdMeasure/node_modules/ui-router-ng2/node_modules/@uirouter/core
960 info build /Users/sandeepbedadala/Coursework/Thesis/AdMeasure/node_modules/ui-router-ng2/node_modules/@uirouter/core
961 info linkStuff @uirouter/core@5.0.0
962 silly linkStuff @uirouter/core@5.0.0 has /Users/sandeepbedadala/Coursework/Thesis/AdMeasure/node_modules/ui-router-ng2/node_modules as its parent node_modules
963 verbose linkBins @uirouter/core@5.0.0
964 verbose linkMans @uirouter/core@5.0.0
965 verbose rebuildBundles @uirouter/core@5.0.0
966 info install @uirouter/core@5.0.0
967 verbose unsafe-perm in lifecycle true
968 info postinstall @uirouter/core@5.0.0
969 verbose unlock done using /Users/sandeepbedadala/.npm/_locks/uirouter-core-6a9897ad4e4ee740.lock for /Users/sandeepbedadala/Coursework/Thesis/AdMeasure/node_modules/ui-router-ng2/node_modules/@uirouter/core
970 verbose about to build /Users/sandeepbedadala/Coursework/Thesis/AdMeasure/node_modules/ui-router-ng2
971 info build /Users/sandeepbedadala/Coursework/Thesis/AdMeasure/node_modules/ui-router-ng2
972 info linkStuff ui-router-ng2@1.0.0-beta.5
973 silly linkStuff ui-router-ng2@1.0.0-beta.5 has /Users/sandeepbedadala/Coursework/Thesis/AdMeasure/node_modules as its parent node_modules
974 verbose linkBins ui-router-ng2@1.0.0-beta.5
975 verbose linkMans ui-router-ng2@1.0.0-beta.5
976 verbose rebuildBundles ui-router-ng2@1.0.0-beta.5
977 verbose rebuildBundles [ '@uirouter' ]
978 info install ui-router-ng2@1.0.0-beta.5
979 verbose unsafe-perm in lifecycle true
980 info postinstall ui-router-ng2@1.0.0-beta.5
981 verbose readDependencies loading dependencies from /Users/sandeepbedadala/Coursework/Thesis/AdMeasure/package.json
982 verbose targetResolver reading package data from /Users/sandeepbedadala/Coursework/Thesis/AdMeasure/node_modules/angular-ui-router/package.json
983 verbose targetResolver reading package data from /Users/sandeepbedadala/Coursework/Thesis/AdMeasure/node_modules/body-parser/package.json
984 verbose targetResolver reading package data from /Users/sandeepbedadala/Coursework/Thesis/AdMeasure/node_modules/express/package.json
985 verbose targetResolver reading package data from /Users/sandeepbedadala/Coursework/Thesis/AdMeasure/node_modules/mongoose/package.json
986 verbose targetResolver reading package data from /Users/sandeepbedadala/Coursework/Thesis/AdMeasure/node_modules/rxjs/package.json
987 verbose targetResolver reading package data from /Users/sandeepbedadala/Coursework/Thesis/AdMeasure/node_modules/ui-router-ng2/package.json
988 verbose targetResolver reading package data from /Users/sandeepbedadala/Coursework/Thesis/AdMeasure/node_modules/zone.js/package.json
989 verbose targetResolver reading package data from /Users/sandeepbedadala/Coursework/Thesis/AdMeasure/node_modules/@angular/common/package.json
990 verbose targetResolver reading package data from /Users/sandeepbedadala/Coursework/Thesis/AdMeasure/node_modules/@angular/core/package.json
991 verbose targetResolver reading package data from /Users/sandeepbedadala/Coursework/Thesis/AdMeasure/node_modules/@angular/platform-browser/package.json
992 verbose targetResolver reading package data from /Users/sandeepbedadala/Coursework/Thesis/AdMeasure/node_modules/@angular/router/package.json
993 verbose already installed skipping @angular/core@^2.3.1 /Users/sandeepbedadala/Coursework/Thesis/AdMeasure
994 silly install resolved []
995 verbose unlock done using /Users/sandeepbedadala/.npm/_locks/ui-router-ng2-d407446c6d5d47ae.lock for /Users/sandeepbedadala/Coursework/Thesis/AdMeasure/node_modules/ui-router-ng2
996 verbose validateInstall loading /Users/sandeepbedadala/Coursework/Thesis/AdMeasure/package.json for validation
997 verbose stack Error: The package @angular/core@4.0.1 does not satisfy its siblings' peerDependencies requirements!
997 verbose stack     at /usr/local/lib/node_modules/npm/lib/install.js:125:32
997 verbose stack     at /usr/local/lib/node_modules/npm/lib/install.js:268:7
997 verbose stack     at /usr/local/lib/node_modules/npm/node_modules/read-installed/read-installed.js:142:5
997 verbose stack     at /usr/local/lib/node_modules/npm/node_modules/read-installed/read-installed.js:263:14
997 verbose stack     at cb (/usr/local/lib/node_modules/npm/node_modules/slide/lib/async-map.js:47:24)
997 verbose stack     at /usr/local/lib/node_modules/npm/node_modules/read-installed/read-installed.js:263:14
997 verbose stack     at cb (/usr/local/lib/node_modules/npm/node_modules/slide/lib/async-map.js:47:24)
997 verbose stack     at /usr/local/lib/node_modules/npm/node_modules/read-installed/read-installed.js:263:14
997 verbose stack     at cb (/usr/local/lib/node_modules/npm/node_modules/slide/lib/async-map.js:47:24)
997 verbose stack     at /usr/local/lib/node_modules/npm/node_modules/read-installed/read-installed.js:263:14
998 verbose cwd /Users/sandeepbedadala/Coursework/Thesis/AdMeasure
999 error Darwin 16.4.0
1000 error argv "/usr/local/bin/node" "/usr/local/bin/npm" "install" "--save" "ui-router-ng2"
1001 error node v4.6.0
1002 error npm  v2.15.9
1003 error code EPEERINVALID
1004 error peerinvalid The package @angular/core@4.0.1 does not satisfy its siblings' peerDependencies requirements!
1004 error peerinvalid Peer ui-router-ng2@1.0.0-beta.5 wants @angular/core@^2.3.1
1004 error peerinvalid Peer @angular/common@2.4.10 wants @angular/core@2.4.10
1004 error peerinvalid Peer @angular/platform-browser@2.4.10 wants @angular/core@2.4.10
1004 error peerinvalid Peer @angular/router@3.4.10 wants @angular/core@2.4.10
1005 verbose exit [ 1, true ]
